\BOOKMARK [-1][-]{part.1}{\376\377\173\054\116\000\220\350\122\006\000\040\127\372\170\100\167\345\213\306\000\040\000N\000o\000t\000i\000o\000n\000s\000\040\000\311\000l\000\351\000m\000e\000n\000t\000a\000i\000r\000e\000s}{}% 1
\BOOKMARK [0][-]{chapter.1}{\376\377\220\073\217\221\116\016\213\301\146\016\000\040\000L\000o\000g\000i\000q\000u\000e\000\040\000e\000t\000\040\000D\000\351\000m\000o\000n\000s\000t\000r\000a\000t\000i\000o\000n}{part.1}% 2
\BOOKMARK [1][-]{section.1.1}{\376\377\127\372\147\054\220\073\217\221\000\040\000B\000a\000s\000i\000c\000\040\000L\000o\000g\000i\000q\000u\000e}{chapter.1}% 3
\BOOKMARK [1][-]{section.1.2}{\376\377\213\301\146\016\000\040\000D\000\351\000m\000o\000n\000s\000t\000r\000a\000t\000i\000o\000n}{chapter.1}% 4
\BOOKMARK [1][-]{section.1.3}{\376\377\116\045\150\074\220\073\217\221\121\154\137\017\000\040\000F\000o\000r\000m\000u\000l\000e\000s\000\040\000s\000t\000r\000i\000c\000t\000e\000s}{chapter.1}% 5
\BOOKMARK [1][-]{section.1.4}{\376\377\121\154\137\017\166\204\141\017\116\111\000\040\000S\000e\000n\000s\000\040\000d\000e\000s\000\040\000f\000o\000r\000m\000u\000l\000e\000s}{chapter.1}% 6
\BOOKMARK [1][-]{section.1.5}{\376\377\146\377\143\142\124\214\123\326\116\343\000\040\000S\000u\000b\000s\000t\000i\000t\000u\000t\000i\000o\000n\000\040\000e\000t\000\040\000r\000e\000m\000p\000l\000a\000c\000e\000m\000e\000n\000t}{chapter.1}% 7
\BOOKMARK [1][-]{section.1.6}{\376\377\150\007\121\306\137\142\137\017\000\040\000F\000o\000r\000m\000e\000s\000\040\000n\000o\000r\000m\000a\000l\000e\000s}{chapter.1}% 8
\BOOKMARK [1][-]{section.1.7}{\376\377\000B\000o\000o\000l\000e\116\343\145\160\000\040\000A\000l\000g\000\350\000b\000r\000e\000\040\000d\000e\000\040\000B\000o\000o\000l\000e}{chapter.1}% 9
\BOOKMARK [1][-]{section.1.8}{\376\377\000B\000o\000o\000l\000e\121\375\145\160\000\040\000F\000o\000n\000c\000t\000i\000o\000n\000s\000\040\000b\000o\000o\000l\000\351\000e\000n\000n\000e\000s}{chapter.1}% 10
\BOOKMARK [1][-]{section.1.9}{\376\377\116\214\217\333\122\066\121\263\173\126\126\376\213\241\173\227\126\150\000\040\000B\000i\000n\000a\000r\000y\000\040\000D\000e\000c\000i\000s\000i\000o\000n\000\040\000D\000i\000a\000g\000r\000a\000m\000\040\000b\000a\000s\000e\000d\000\040\000C\000a\000l\000c\000u\000l\000a\000t\000o\000r}{chapter.1}% 11
\BOOKMARK [1][-]{section.1.10}{\376\377\116\000\226\066\220\073\217\221\000\040\000L\000o\000g\000i\000q\000u\000e\000\040\000d\000u\000\040\000p\000r\000e\000m\000i\000e\000r\000\040\000o\000r\000d\000r\000e}{chapter.1}% 12
\BOOKMARK [0][-]{chapter.2}{\376\377\226\306\124\010\000\040\000E\000n\000s\000e\000m\000b\000l\000e\000s}{part.1}% 13
\BOOKMARK [1][-]{section.2.1}{\376\377\226\306\124\010}{chapter.2}% 14
\BOOKMARK [1][-]{section.2.2}{\376\377\116\214\121\103\121\163\174\373\000\040\000R\000e\000l\000a\000t\000i\000o\000n\000\040\000B\000i\000n\000a\000i\000r\000e}{chapter.2}% 15
\BOOKMARK [1][-]{section.2.3}{\376\377\226\306\124\010\166\204\217\320\173\227\000\040\000O\000p\000\351\000r\000a\000t\000e\000u\000r}{chapter.2}% 16
\BOOKMARK [1][-]{section.2.4}{\376\377\121\154\164\006\123\026\166\204\226\306\124\010\213\272}{chapter.2}% 17
\BOOKMARK [0][-]{chapter.3}{\376\377\146\040\134\004\000\040\000A\000p\000p\000l\000i\000c\000a\000t\000i\000o\000n\000s}{part.1}% 18
\BOOKMARK [0][-]{chapter.4}{\376\377\217\320\173\227\116\016\116\343\145\160\176\323\147\204\000\040\000O\000p\000\351\000r\000a\000t\000i\000o\000n\000s\000\040\000e\000t\000\040\000S\000t\000r\000u\000c\000t\000u\000r\000e\000\040\000A\000l\000g\000\351\000b\000r\000i\000q\000u\000e}{part.1}% 19
\BOOKMARK [1][-]{section.4.1}{\376\377\217\320\173\227}{chapter.4}% 20
\BOOKMARK [1][-]{section.4.2}{\376\377\173\046\124\010\176\323\124\010\137\213\166\204\147\011\123\125\117\115\121\103\217\320\173\227}{chapter.4}% 21
\BOOKMARK [1][-]{section.4.3}{\376\377\116\343\145\160\176\323\147\204\000\040\000S\000t\000r\000u\000c\000t\000u\000r\000e\000\040\000A\000l\000g\000\351\000b\000r\000i\000q\000u\000e}{chapter.4}% 22
\BOOKMARK [1][-]{section.4.4}{\376\377\177\244\000\040\000G\000r\000o\000u\000p\000e}{chapter.4}% 23
\BOOKMARK [1][-]{section.4.5}{\376\377\116\316\123\237\177\244\122\060\177\244\000\040\000D\000e\000\040\000m\000a\000g\000m\000a\000\040\000\340\000\040\000g\000r\000o\000u\000p\000e}{chapter.4}% 24
\BOOKMARK [1][-]{section.4.6}{\376\377\177\244\213\272\127\372\170\100\000\040\000L\000a\000\040\000T\000h\000\351\000o\000r\000i\000e\000\040\000R\000u\000d\000i\000m\000e\000n\000t\000a\000i\000r\000e\000\040\000d\000e\000s\000\040\000G\000r\000o\000u\000p\000e\000s}{chapter.4}% 25
\BOOKMARK [1][-]{section.4.7}{\376\377\163\257\000\040\000A\000n\000n\000e\000a\000u}{chapter.4}% 26
\BOOKMARK [1][-]{section.4.8}{\376\377\127\337\000\040\000C\000o\000r\000p\000s}{chapter.4}% 27
\BOOKMARK [0][-]{chapter.5}{\376\377\116\316\201\352\161\066\145\160\122\060\147\011\164\006\145\160\000\040\000D\000e\000s\000\040\000n\000o\000m\000b\000r\000e\000s\000\040\000n\000a\000t\000u\000r\000e\000l\000s\000\040\000a\000u\000x\000\040\000n\000o\000m\000b\000r\000e\000s\000\040\000r\000a\000t\000i\000o\000n\000n\000e\000l\000s}{part.1}% 28
\BOOKMARK [1][-]{section.5.1}{\376\377\201\352\161\066\145\160\226\306\166\204\121\154\164\006\123\026\000\040\000A\000x\000i\000o\000m\000a\000t\000i\000q\000u\000e\000\040\000d\000e\000\040\000l\000'\000e\000n\000s\000e\000m\000b\000l\000e\000\040\000d\000e\000s\000\040\000n\000o\000m\000b\000r\000e\000s\000\040\000n\000a\000t\000u\000r\000e\000l\000s}{chapter.5}% 29
\BOOKMARK [1][-]{section.5.2}{\376\377\201\352\161\066\145\160\226\306\116\012\166\204\136\217\121\163\174\373\000\040\000R\000e\000l\000a\000t\000i\000o\000n\000s\000\040\000d\000'\000o\000r\000d\000r\000e\000\040\000s\000u\000r\000\040\000l\000'\000e\000n\000s\000e\000m\000b\000l\000e\000\040\000d\000e\000s\000\040\000n\000o\000m\000b\000r\000e\000s\000\040\000n\000a\000t\000u\000r\000e\000l\000s}{chapter.5}% 30
\BOOKMARK [1][-]{section.5.3}{\376\377\145\164\145\160\226\306\166\204\147\204\220\040\000\040\000C\000o\000n\000s\000t\000r\000u\000c\000t\000i\000o\000n\000\040\000d\000e\000\040\000l\000'\000e\000n\000s\000e\000m\000b\000l\000e\000\040\000d\000e\000s\000\040\000n\000o\000m\000b\000r\000e\000s\000\040\000e\000n\000t\000i\000e\000r\000s}{chapter.5}% 31
\BOOKMARK [1][-]{section.5.4}{\376\377\145\164\145\160\226\306\116\055\166\204\217\320\173\227\000\040\000O\000p\000\351\000r\000a\000t\000i\000o\000n\000s\000\040\000d\000a\000n\000s\000\040\000l\000'\000e\000n\000s\000e\000m\000b\000l\000e\000\040\000d\000e\000s\000\040\000n\000o\000m\000b\000r\000e\000s\000\040\000e\000n\000t\000i\000e\000r\000s}{chapter.5}% 32
\BOOKMARK [1][-]{section.5.5}{\376\377\145\164\145\160\226\306\116\012\166\204\136\217\121\163\174\373\000\040\000R\000e\000l\000a\000t\000i\000o\000n\000s\000\040\000d\000'\000o\000r\000d\000r\000e\000\040\000s\000u\000r\000\040\000l\000'\000e\000n\000s\000e\000m\000b\000l\000e\000\040\000d\000e\000s\000\040\000n\000o\000m\000b\000r\000e\000s\000\040\000e\000n\000t\000i\000e\000r\000s}{chapter.5}% 33
\BOOKMARK [1][-]{section.5.6}{\376\377\147\011\164\006\145\160\226\306\166\204\147\204\220\040\000\040\000C\000o\000n\000s\000t\000r\000u\000c\000t\000i\000o\000n\000\040\000d\000e\000\040\000l\000'\000e\000n\000s\000e\000m\000b\000l\000e\000\040\000d\000e\000s\000\040\000n\000o\000m\000b\000r\000e\000s\000\040\000r\000a\000t\000i\000o\000n\000n\000e\000l\000s}{chapter.5}% 34
\BOOKMARK [1][-]{section.5.7}{\376\377\145\160\127\337\000\040\000C\000o\000r\000p\000s}{chapter.5}% 35
\BOOKMARK [1][-]{section.5.8}{\376\377\147\011\164\006\145\160\127\337\116\012\166\204\136\217\121\163\174\373\000\040\000R\000e\000l\000a\000t\000i\000o\000n\000s\000\040\000d\000'\000o\000r\000d\000r\000e\000\040\000s\000u\000r\000\040\000l\000'\000e\000n\000s\000e\000m\000b\000l\000e\000\040\000d\000e\000s\000\040\000n\000o\000m\000b\000r\000e\000s\000\040\000r\000a\000t\000i\000o\000n\000n\000e\000l\000s}{chapter.5}% 36
\BOOKMARK [0][-]{chapter.6}{\376\377\133\236\145\160\000\040\000N\000o\000m\000b\000r\000e\000s\000\040\000R\000e\000\351\000l\000s}{part.1}% 37
\BOOKMARK [1][-]{section.6.1}{\376\377\133\236\145\160\127\337\166\204\147\204\220\040\000\040\000C\000o\000n\000s\000t\000r\000u\000c\000t\000i\000o\000n\000\040\000d\000e\000\040\000l\000'\000e\000n\000s\000e\000m\000b\000l\000e\000\040\000d\000e\000s\000\040\000n\000o\000m\000b\000r\000e\000s\000\040\000r\000\351\000e\000l\000s}{chapter.6}% 38
\BOOKMARK [1][-]{section.6.2}{\376\377\000D\000e\000d\000e\000k\000i\000n\000d\122\006\122\162\000\040\000C\000o\000u\000p\000u\000r\000e\000\040\000d\000e\000\040\000D\000e\000d\000e\000k\000i\000n\000d}{chapter.6}% 39
\BOOKMARK [1][-]{section.6.3}{\376\377\133\236\145\160\226\306\116\012\166\204\136\217\121\163\174\373\000\040\000R\000e\000l\000a\000t\000i\000o\000n\000s\000\040\000d\000'\000o\000r\000d\000r\000e\000\040\000s\000u\000r\000\040\000l\000'\000e\000n\000s\000e\000m\000b\000l\000e\000\040\000d\000e\000s\000\040\000n\000o\000m\000b\000r\000e\000s\000\040\000r\000\351\000e\000l\000s}{chapter.6}% 40
\BOOKMARK [1][-]{section.6.4}{\376\377\133\236\145\160\127\337\166\204\133\214\131\007\140\047\000\040\000C\000o\000m\000p\000l\000\351\000t\000u\000d\000e\000\040\000d\000e\000\040\000l\000'\000e\000n\000s\000e\000m\000b\000l\000e\000\040\000d\000e\000s\000\040\000n\000o\000m\000b\000r\000e\000s\000\040\000r\000\351\000e\000l\000s}{chapter.6}% 41
\BOOKMARK [0][-]{chapter.7}{\376\377\123\357\145\160\140\047\000\040\000D\000\351\000n\000o\000e\000m\000b\000r\000a\000b\000i\000l\000i\000t\000\351}{part.1}% 42
\BOOKMARK [1][-]{section.7.1}{\376\377\127\372\145\160\000\040\000L\000a\000\040\000c\000a\000r\000d\000i\000n\000a\000l\000i\000t\000\351}{chapter.7}% 43
\BOOKMARK [1][-]{section.7.2}{\376\377\123\357\145\160\140\047\000\040\000D\000\351\000n\000o\000e\000m\000b\000r\000a\000b\000i\000l\000i\000t\000\351}{chapter.7}% 44
\BOOKMARK [1][-]{section.7.3}{\376\377\145\340\226\120\226\306\166\204\123\357\145\160\140\047\000\040\000D\000\351\000n\000o\000e\000m\000b\000r\000a\000b\000i\000l\000i\000t\000\351\000\040\000d\000e\000s\000\040\000e\000n\000s\000e\000m\000b\000l\000e\000s\000\040\000i\000n\000f\000i\000n\000i\000s}{chapter.7}% 45
\BOOKMARK [1][-]{section.7.4}{\376\377\116\343\145\160\145\160\124\214\215\205\215\212\145\160\000\040\000N\000o\000m\000b\000r\000e\000s\000\040\000a\000l\000g\000\351\000b\000r\000i\000q\000u\000e\000s\000\040\000e\000t\000\040\000n\000o\000m\000b\000r\000e\000s\000\040\000t\000r\000a\000n\000s\000c\000e\000n\000d\000a\000n\000t\000s}{chapter.7}% 46
\BOOKMARK [1][-]{section.7.5}{\376\377\217\336\176\355\176\337\000\040\000C\000o\000n\000t\000i\000n\000u\000u\000m}{chapter.7}% 47
\BOOKMARK [0][-]{chapter.8}{\376\377\131\015\145\160\116\016\000E\000u\000c\000l\000i\000d\000e\172\172\225\364\000N\000o\000m\000b\000r\000e\000\040\000C\000o\000m\000p\000l\000e\000x\000e\000\040\000e\000t\000\040\000E\000s\000p\000a\000c\000e\000\040\000E\000u\000c\000l\000i\000d\000i\000e\000n}{part.1}% 48
\BOOKMARK [0][-]{chapter.9}{\376\377\122\035\173\111\145\160\213\272\000\040\000T\000h\000\351\000o\000r\000i\000e\000\040\000\311\000l\000\351\000m\000e\000n\000t\000a\000i\000r\000e\000\040\000d\000e\000s\000\040\000N\000o\000m\000b\000r\000e\000s}{part.1}% 49
\BOOKMARK [1][-]{section.9.1}{\376\377\175\040\145\160\124\214\147\000\131\047\121\154\126\340\133\120\000\040\000N\000o\000m\000b\000r\000e\000s\000\040\000p\000r\000e\000m\000i\000e\000r\000s\000\040\000e\000t\000\040\000P\000l\000u\000s\000\040\000G\000r\000a\000n\000d\000\040\000C\000o\000m\000m\000u\000n\000\040\000D\000i\000v\000i\000s\000e\000u\000r}{chapter.9}% 50
\BOOKMARK [1][-]{section.9.2}{\376\377\124\014\117\131\000\040\000C\000o\000n\000g\000r\000u\000e\000n\000c\000e}{chapter.9}% 51
\BOOKMARK [1][-]{section.9.3}{\376\377\116\130\140\047\121\375\145\160\000\040\000F\000o\000n\000c\000t\000i\000o\000n\000\040\000M\000u\000l\000t\000i\000p\000l\000i\000c\000a\000t\000i\000v\000e}{chapter.9}% 52
\BOOKMARK [1][-]{section.9.4}{\376\377\123\237\150\071\000\040\000R\000a\000c\000i\000n\000e\000\040\000P\000r\000i\000m\000i\000t\000i\000v\000e}{chapter.9}% 53
\BOOKMARK [1][-]{section.9.5}{\376\377\116\214\153\041\122\151\117\131\000\040\000Q\000u\000a\000d\000r\000a\000t\000i\000c\000\040\000R\000e\000s\000i\000d\000u\000e}{chapter.9}% 54
\BOOKMARK [1][-]{section.9.6}{\376\377\000G\000a\000u\000s\000s\145\164\145\160\000\040\000G\000a\000u\000s\000s\000\040\000E\000n\000t\000i\000e\000r}{chapter.9}% 55
\BOOKMARK [-1][-]{part.2}{\376\377\173\054\116\214\220\350\122\006\000\040\145\160\133\146\122\006\147\220\221\314\166\204\172\172\225\364\000\040\000E\000s\000p\000a\000c\000e\000s\000\040\000d\000a\000n\000s\000\040\000l\000'\000A\000n\000a\000l\000y\000s\000e}{}% 56
\BOOKMARK [0][-]{chapter.10}{\376\377\145\160\122\027\116\016\145\160\230\171\176\247\145\160\000S\000u\000i\000t\000e\000s\000\040\000e\000t\000\040\000S\000\351\000r\000i\000e\000s}{part.2}% 57
\BOOKMARK [0][-]{chapter.11}{\376\377\000R\116\012\166\204\116\000\121\103\121\375\145\160\000\040\000F\000o\000n\000c\000t\000i\000o\000n\000s\000\040\000d\000'\000U\000n\000e\000\040\000V\000a\000r\000i\000a\000b\000l\000e\000\040\000R\000\351\000e\000l\000l\000e}{part.2}% 58
\BOOKMARK [0][-]{chapter.12}{\376\377\000R\000i\000e\000m\000a\000n\000n\171\357\122\006\000\040\000I\000n\000t\000\351\000g\000r\000a\000l\000e\000\040\000d\000e\000\040\000R\000i\000e\000m\000a\000n\000n}{part.2}% 59
\BOOKMARK [0][-]{chapter.13}{\376\377\121\375\145\160\122\027\116\016\121\375\145\160\230\171\176\247\145\160\000S\000u\000i\000t\000e\000s\000\040\000e\000t\000\040\000S\000\351\000r\000i\000e\000s\000\040\000d\000e\000\040\000F\000o\000n\000c\000t\000i\000o\000n\000s}{part.2}% 60
\BOOKMARK [1][-]{section.13.1}{\376\377\121\375\145\160\122\027\116\016\121\375\145\160\230\171\176\247\145\160}{chapter.13}% 61
\BOOKMARK [1][-]{section.13.2}{\376\377\220\020\160\271\145\066\145\133\000\040\000C\000o\000n\000v\000e\000r\000g\000e\000n\000c\000e\000\040\000s\000i\000m\000p\000l\000e}{chapter.13}% 62
\BOOKMARK [1][-]{section.13.3}{\376\377\116\000\201\364\145\066\145\133\000\040\000C\000o\000n\000v\000e\000r\000g\000e\000n\000c\000e\000\040\000u\000n\000i\000f\000o\000r\000m\000e}{chapter.13}% 63
\BOOKMARK [1][-]{section.13.4}{\376\377\117\235\203\003\145\160\145\066\145\133\000\040\000C\000o\000n\000v\000e\000r\000g\000e\000n\000c\000e\000\040\000n\000o\000r\000m\000a\000l\000e}{chapter.13}% 64
\BOOKMARK [0][-]{chapter.14}{\376\377\116\000\201\364\145\066\145\133\122\044\122\053\154\325}{part.2}% 65
\BOOKMARK [1][-]{section.14.1}{\376\377\000C\000a\000u\000c\000h\000y\122\044\122\053\154\325}{chapter.14}% 66
\BOOKMARK [1][-]{section.14.2}{\376\377\000W\000e\000i\000e\000r\000s\000t\000r\000a\000s\000s\122\044\122\053\154\325}{chapter.14}% 67
\BOOKMARK [1][-]{section.14.3}{\376\377\000A\000b\000e\000l\000-\000D\000i\000r\000i\000c\000h\000l\000e\000t\122\044\122\053\154\325}{chapter.14}% 68
\BOOKMARK [0][-]{chapter.15}{\376\377\136\246\221\317\172\172\225\364\000E\000s\000p\000a\000c\000e\000\040\000m\000\351\000t\000r\000i\000q\000u\000e}{part.2}% 69
\BOOKMARK [1][-]{section.15.1}{\376\377\136\246\221\317\172\172\225\364}{chapter.15}% 70
\BOOKMARK [1][-]{section.15.2}{\376\377\136\246\221\317\172\172\225\364\116\055\166\204\160\271\116\016\226\306\124\010}{chapter.15}% 71
\BOOKMARK [1][-]{section.15.3}{\376\377\137\000\226\306\116\016\225\355\226\306\166\204\140\047\215\050}{chapter.15}% 72
\BOOKMARK [1][-]{section.15.4}{\376\377\166\370\133\371\137\000\226\306\000/\166\370\133\371\225\355\226\306}{chapter.15}% 73
\BOOKMARK [1][-]{section.15.5}{\376\377\175\047\226\306}{chapter.15}% 74
\BOOKMARK [1][-]{section.15.6}{\376\377\000H\000e\000i\000n\000e\000-\000B\000o\000r\000e\000l\133\232\164\006}{chapter.15}% 75
\BOOKMARK [1][-]{section.15.7}{\376\377\133\214\131\007\226\306\116\016\217\336\220\032\226\306}{chapter.15}% 76
\BOOKMARK [1][-]{section.15.8}{\376\377\123\213\177\051\146\040\134\004\000\040\000A\000p\000p\000l\000i\000c\000a\000t\000i\000o\000n\000s\000\040\000c\000o\000n\000t\000r\000a\000c\000t\000a\000n\000t\000e}{chapter.15}% 77
\BOOKMARK [0][-]{chapter.16}{\376\377\215\113\203\003\172\172\225\364\000E\000s\000p\000a\000c\000e\000\040\000V\000e\000c\000t\000o\000r\000i\000e\000l\000\040\000N\000o\000r\000m\000\351}{part.2}% 78
\BOOKMARK [1][-]{section.16.1}{\376\377\203\003\145\160\000\040\000L\000a\000\040\000n\000o\000r\000m\000e}{chapter.16}% 79
\BOOKMARK [1][-]{section.16.2}{\376\377\000L\000P\203\003\145\160}{chapter.16}% 80
\BOOKMARK [1][-]{section.16.3}{\376\377\172\172\225\364\166\204\133\214\131\007\123\026}{chapter.16}% 81
\BOOKMARK [1][-]{section.16.4}{\376\377\173\111\116\367\136\246\221\317\116\016\173\111\116\367\203\003\145\160\000\040}{chapter.16}% 82
\BOOKMARK [0][-]{chapter.17}{\376\377\121\205\171\357\000\040\000P\000r\000o\000d\000u\000i\000t\000\040\000S\000c\000a\000l\000a\000i\000r\000e}{part.2}% 83
\BOOKMARK [0][-]{chapter.18}{\376\377\142\323\142\121\172\172\225\364\000\040\000E\000s\000p\000a\000c\000e\000\040\000T\000o\000p\000o\000l\000o\000g\000i\000q\000u\000e}{part.2}% 84
\BOOKMARK [1][-]{section.18.1}{\376\377\142\323\142\121\172\172\225\364}{chapter.18}% 85
\BOOKMARK [1][-]{section.18.2}{\376\377\142\323\142\121\172\172\225\364\221\314\166\204\160\271\226\306}{chapter.18}% 86
\BOOKMARK [1][-]{section.18.3}{\376\377\142\323\142\121\172\172\225\364\221\314\166\204\145\066\145\133\000\040}{chapter.18}% 87
\BOOKMARK [1][-]{section.18.4}{\376\377\142\323\142\121\121\154\164\006\117\123\174\373\000\040\000S\000y\000s\000t\000e\000m\000e\000\040\000d\000'\000a\000x\000i\000o\000m\000e\000s\000\040\000t\000o\000p\000o\000l\000o\000g\000i\000q\000u\000e\000s}{chapter.18}% 88
\BOOKMARK [1][-]{section.18.5}{\376\377\217\336\176\355\140\047\116\016\146\040\134\004}{chapter.18}% 89
\BOOKMARK [1][-]{section.18.6}{\376\377\124\014\200\332\000\040\000H\000o\000m\000e\000o\000m\000o\000r\000p\000h\000i\000s\000m\000e}{chapter.18}% 90
\BOOKMARK [1][-]{section.18.7}{\376\377\175\047\201\364\140\047\116\016\122\027\175\047\140\047\000\040\000C\000o\000m\000p\000a\000c\000i\000t\000\351\000\040\000e\000t\000\040\000s\000\351\000q\000u\000e\000n\000t\000i\000a\000l\000i\000t\000\351}{chapter.18}% 91
\BOOKMARK [1][-]{section.18.8}{\376\377\225\355\226\306\122\073\165\073\166\204\175\047\201\364\226\306}{chapter.18}% 92
\BOOKMARK [1][-]{section.18.9}{\376\377\124\014\117\046\000\040\000H\000o\000m\000o\000t\000o\000p\000i\000e}{chapter.18}% 93
\BOOKMARK [1][-]{section.18.10}{\376\377\142\323\142\121\116\015\123\330\221\317\000\040\000T\000o\000p\000o\000l\000o\000g\000i\000e\000\040\000i\000n\000v\000a\000r\000i\000a\000n\000t\000e}{chapter.18}% 94
\BOOKMARK [1][-]{section.18.11}{\376\377\217\336\220\032\226\306\000\040\000C\000o\000n\000n\000e\000x\000i\000t\000\351}{chapter.18}% 95
\BOOKMARK [-1][-]{part.3}{\376\377\173\054\116\011\220\350\122\006\000\040\116\343\145\160\116\016\167\351\226\065\000\040\000A\000l\000g\000\350\000b\000r\000e\000\040\000e\000t\000\040\000M\000a\000t\000r\000i\000c\000e}{}% 96
\BOOKMARK [0][-]{chapter.19}{\376\377\176\277\140\047\172\172\225\364\000\040\000E\000s\000p\000a\000c\000e\000\040\000V\000e\000c\000t\000o\000r\000i\000e\000l}{part.3}% 97
\BOOKMARK [0][-]{chapter.20}{\376\377\131\032\230\171\137\017\164\006\213\272\000\040\000T\000h\000\351\000o\000r\000i\000e\000\040\000d\000e\000s\000\040\000P\000o\000l\000y\000n\000\364\000m\000e\000s}{part.3}% 98
\BOOKMARK [0][-]{chapter.21}{\376\377\167\351\226\065\000\040\000\040\000M\000a\000t\000r\000i\000c\000e}{part.3}% 99
\BOOKMARK [0][-]{chapter.22}{\376\377\167\351\226\065\166\204\173\200\123\026\000R\000e\000d\000u\000c\000t\000i\000o\000n}{part.3}% 100
\BOOKMARK [1][-]{section.22.1}{\376\377\162\171\137\201\120\074\116\016\162\171\137\201\124\021\221\317\000\040\000V\000e\000c\000t\000e\000u\000r\000s\000\040\000P\000r\000o\000p\000r\000e\000s\000\040\000e\000t\000\040\000V\000a\000l\000e\000u\000r\000s\000\040\000P\000r\000o\000p\000r\000e\000s}{chapter.22}% 101
\BOOKMARK [1][-]{section.22.2}{\376\377\162\171\137\201\131\032\230\171\137\017\000\040\000P\000o\000l\000y\000n\000\364\000m\000e\000\040\000c\000a\000r\000a\000c\000t\000\351\000r\000i\000s\000t\000i\000q\000u\000e}{chapter.22}% 102
\BOOKMARK [1][-]{section.22.3}{\376\377\166\370\117\074\167\351\226\065\000\040\000M\000a\000t\000r\000i\000c\000e\000\040\000s\000e\000m\000b\000l\000a\000b\000l\000e}{chapter.22}% 103
\BOOKMARK [1][-]{section.22.4}{\376\377\133\371\211\322\123\026\000\040\000D\000i\000a\000g\000o\000n\000a\000l\000i\000s\000a\000t\000i\000o\000n}{chapter.22}% 104
\BOOKMARK [1][-]{section.22.5}{\376\377\122\044\145\255\123\357\133\371\211\322\123\026\000C\000r\000i\000t\000\350\000r\000e\000s\000\040\000d\000e\000\040\000d\000i\000a\000g\000o\000n\000a\000l\000i\000s\000a\000b\000i\000l\000i\000t\000\351}{chapter.22}% 105
\BOOKMARK [1][-]{section.22.6}{\376\377\133\236\133\371\171\360\167\351\226\065\000\040\000M\000a\000t\000r\000i\000c\000e\000\040\000s\000y\000m\000\351\000t\000r\000i\000q\000u\000e\000\040\000r\000\351\000e\000l\000l\000e}{chapter.22}% 106
\BOOKMARK [1][-]{section.22.7}{\376\377\226\366\123\026\131\032\230\171\137\017\000\040\000P\000o\000l\000y\000n\000\364\000m\000e\000\040\000a\000n\000n\000u\000l\000a\000t\000e\000u\000r}{chapter.22}% 107
\BOOKMARK [0][-]{chapter.23}{\376\377\116\214\153\041\146\362\227\142\000\040\000S\000u\000r\000f\000a\000c\000e\000\040\000d\000u\000\040\000s\000e\000c\000o\000n\000d\000\040\000d\000e\000g\000r\000\351}{part.3}% 108
\BOOKMARK [0][-]{chapter.24}{\376\377\137\040\221\317\000\040\000T\000e\000n\000s\000o\000r}{part.3}% 109
\BOOKMARK [-1][-]{part.4}{\376\377\173\054\126\333\220\350\122\006\000\040\137\256\171\357\122\006\164\006\213\272\000\040\000C\000a\000l\000c\000u\000l\000\040\000D\000i\000f\000f\000e\000r\000e\000n\000t\000i\000e\000l\000\040\000e\000t\000\040\000C\000a\000l\000c\000u\000l\000\040\000I\000n\000t\000\351\000g\000r\000a\000l}{}% 110
\BOOKMARK [0][-]{chapter.25}{\376\377\131\032\121\103\121\375\145\160\137\256\122\006\133\146\000\040\000D\000i\000f\000f\000\351\000r\000e\000n\000c\000i\000a\000t\000i\000o\000n\000\040\000M\000u\000l\000t\000i\000f\000o\000n\000c\000t\000i\000o\000n\000n\000e\000l\000l\000e}{part.4}% 111
\BOOKMARK [1][-]{section.25.1}{\376\377\123\357\137\256\121\375\145\160\000\040\000F\000o\000n\000c\000t\000i\000o\000n\000\040\000D\000i\000f\000f\000\351\000r\000e\000n\000t\000i\000a\000b\000l\000e}{chapter.25}% 112
\BOOKMARK [1][-]{section.25.2}{\376\377\000R\000n\116\012\166\204\137\256\122\006\000\040\000D\000i\000f\000f\000\351\000r\000e\000n\000t\000i\000e\000l\000l\000e\000\040\000s\000u\000r\000\040\000R\000n}{chapter.25}% 113
\BOOKMARK [1][-]{section.25.3}{\376\377\121\163\116\216\217\336\176\355\140\047\166\204\213\250\213\272\000\040\000D\000i\000s\000c\000u\000s\000s\000i\000o\000n\000\040\000s\000u\000r\000\040\000l\000a\000\040\000c\000o\000n\000t\000i\000n\000u\000i\000t\000\351}{chapter.25}% 114
\BOOKMARK [1][-]{section.25.4}{\376\377\000J\000a\000c\000o\000b\000i\167\351\226\065\000\040\000M\000a\000t\000r\000i\000c\000e\000\040\000J\000a\000c\000o\000b\000i\000e\000n\000n\000e}{chapter.25}% 115
\BOOKMARK [1][-]{section.25.5}{\376\377\000\040\173\227\133\120\000\040\000O\000p\000\351\000r\000a\000t\000e\000u\000r\000\040\000\040\000n\000a\000b\000l\000a\000\040\000\040}{chapter.25}% 116
\BOOKMARK [1][-]{section.25.6}{\376\377\147\011\226\120\130\236\225\177\133\232\164\006\000\040\000T\000h\000\351\000o\000r\000\350\000m\000e\000\040\000d\000e\000s\000\040\000A\000c\000c\000r\000o\000i\000s\000s\000e\000m\000e\000n\000t\000s\000\040\000F\000i\000n\000i\000s}{chapter.25}% 117
\BOOKMARK [1][-]{section.25.7}{\376\377\134\100\220\350\123\315\157\024\133\232\164\006\000/\123\315\121\375\145\160\133\232\164\006\000\040\000T\000h\000\351\000o\000r\000\350\000m\000e\000\040\000d\000'\000I\000n\000v\000e\000r\000s\000i\000o\000n\000\040\000L\000o\000c\000a\000l\000e}{chapter.25}% 118
\BOOKMARK [1][-]{section.25.8}{\376\377\226\220\121\375\145\160\133\232\164\006\000\040\000T\000h\000\351\000o\000r\000\350\000m\000e\000\040\000d\000e\000s\000\040\000F\000o\000n\000c\000t\000i\000o\000n\000s\000\040\000I\000m\000p\000l\000i\000c\000i\000t\000e\000s}{chapter.25}% 119
\BOOKMARK [1][-]{section.25.9}{\376\377\116\214\226\066\137\256\122\006\000\040\000D\000i\000f\000f\000\351\000r\000e\000n\000t\000i\000e\000l\000l\000e\000\040\000s\000e\000c\000o\000n\000d\000e}{chapter.25}% 120
\BOOKMARK [1][-]{section.25.10}{\376\377\232\330\226\066\137\256\122\006\000\040\000D\000i\000f\000f\000\351\000r\000e\000n\000t\000i\000e\000l\000l\000e\000s\000\040\000d\000'\000O\000r\000d\000r\000e\000\040\000S\000u\000p\000\351\000r\000i\000e\000u\000r}{chapter.25}% 121
\BOOKMARK [1][-]{section.25.11}{\376\377\232\330\226\066\120\117\133\374\145\160\000\040\000D\000\351\000r\000i\000v\000\351\000e\000s\000\040\000P\000a\000r\000t\000i\000e\000l\000l\000e\000s\000\040\000d\000'\000O\000r\000d\000r\000e\000\040\000S\000u\000p\000\351\000r\000i\000e\000u\000r}{chapter.25}% 122
\BOOKMARK [1][-]{section.25.12}{\376\377\232\330\226\066\000T\000a\000y\000l\000o\000r\134\125\137\000\000\040\000F\000o\000r\000m\000u\000l\000e\000s\000\040\000d\000e\000\040\000T\000a\000y\000l\000o\000r}{chapter.25}% 123
\BOOKMARK [1][-]{section.25.13}{\376\377\147\201\120\074\000\040\000E\000x\000t\000r\000e\000m\000a}{chapter.25}% 124
\BOOKMARK [1][-]{section.25.14}{\376\377\137\256\122\006\137\142\137\017\000\040\000F\000o\000r\000m\000e\000s\000\040\000d\000i\000f\000f\000\351\000r\000e\000n\000t\000i\000e\000l\000l\000e\000s}{chapter.25}% 125
\BOOKMARK [1][-]{section.25.15}{\376\377\000P\000o\000i\000n\000c\000a\000r\000\351\133\232\164\006\000\040\000T\000h\000\351\000o\000r\000\350\000m\000e\000\040\000d\000e\000\040\000P\000o\000i\000n\000c\000a\000r\000\351}{chapter.25}% 126
\BOOKMARK [1][-]{section.25.16}{\376\377\000F\000r\000o\000b\000e\000n\000i\000u\000s\133\232\164\006\000\040\000T\000h\000\351\000o\000r\000\350\000m\000e\000\040\000d\000e\000\040\000F\000r\000o\000b\000e\000n\000i\000u\000s}{chapter.25}% 127
\BOOKMARK [0][-]{chapter.26}{\376\377\221\315\171\357\122\006\000\040\000I\000n\000t\000\351\000g\000r\000a\000l\000e\000\040\000m\000u\000l\000t\000i\000p\000l\000e}{part.4}% 128
\BOOKMARK [0][-]{chapter.27}{\376\377\137\256\122\006\145\271\172\013\121\145\225\350\000\040\000I\000n\000t\000r\000o\000d\000u\000c\000t\000i\000o\000n\000:\000\040\000\311\000q\000u\000a\000t\000i\000o\000n\000s\000\040\000D\000i\000f\000f\000\351\000r\000e\000n\000t\000i\000e\000l\000l\000e\000s}{part.4}% 129
\BOOKMARK [1][-]{section.27.1}{\376\377\213\376\172\013\121\205\133\271\131\015\116\140}{chapter.27}% 130
\BOOKMARK [0][-]{chapter.28}{\376\377\000F\000o\000u\000r\000i\000e\000r\176\247\145\160\000S\000\351\000r\000i\000e\000\040\000d\000e\000\040\000F\000o\000u\000r\000i\000e\000r}{part.4}% 131
\BOOKMARK [0][-]{chapter.29}{\376\377\000L\000e\000b\000e\000s\000g\000u\000e\155\113\136\246\116\016\000L\000e\000b\000e\000s\000g\000u\000e\171\357\122\006\000\040\000M\000e\000s\000u\000r\000e\000\040\000d\000e\000\040\000L\000e\000b\000e\000s\000g\000u\000e\000\040\000e\000t\000\040\000I\000n\000t\000\351\000g\000r\000a\000l\000e\000\040\000d\000e\000\040\000L\000e\000b\000e\000s\000g\000u\000e}{part.4}% 132
\BOOKMARK [0][-]{chapter.30}{\376\377\155\113\136\246\213\272\122\035\153\145\000P\000r\000e\000l\000i\000m\000i\000n\000a\000i\000r\000e\000s\000\040\000d\000e\000\040\000T\000h\000\351\000o\000r\000i\000e\000\040\000d\000e\000\040\000l\000a\000\040\000M\000e\000s\000u\000r\000e}{part.4}% 133
\BOOKMARK [0][-]{chapter.31}{\376\377\151\202\163\207\116\016\117\115\122\277\000\040\000P\000r\000o\000b\000a\000b\000i\000l\000i\000t\000\351\000s\000\040\000e\000t\000\040\000p\000o\000t\000e\000n\000t\000i\000e\000l\000s}{part.4}% 134
\BOOKMARK [-1][-]{part.5}{\376\377\173\054\116\224\220\350\122\006\000\040\142\275\214\141\116\343\145\160\122\035\153\145\000\040\000P\000r\000e\000l\000i\000m\000i\000n\000a\000i\000r\000e\000s\000\040\000d\000'\000A\000l\000g\000\350\000b\000r\000e\000\040\000A\000b\000s\000t\000r\000a\000i\000t\000e}{}% 135
\BOOKMARK [0][-]{chapter.32}{\376\377\177\244\213\272\000\040\000T\000h\000\351\000o\000r\000i\000e\000\040\000d\000e\000s\000\040\000g\000r\000o\000u\000p\000e\000s}{part.5}% 136
\BOOKMARK [0][-]{chapter.33}{\376\377\163\257\213\272\000\040\000T\000h\000\351\000o\000r\000i\000e\000\040\000d\000e\000s\000\040\000a\000n\000n\000e\000a\000u\000x}{part.5}% 137
\BOOKMARK [0][-]{chapter.34}{\376\377\127\337\213\272\000\040\000T\000h\000\351\000o\000r\000i\000e\000\040\000d\000e\000s\000\040\000c\000o\000r\000p\000s}{part.5}% 138
\BOOKMARK [0][-]{chapter.35}{\376\377\000G\000a\000l\000o\000i\000s\164\006\213\272\000\040\000T\000h\000\351\000o\000r\000i\000e\000\040\000d\000e\000\040\000G\000a\000l\000o\000i\000s}{part.5}% 139
\BOOKMARK [-1][-]{part.6}{\376\377\173\054\121\155\220\350\122\006\000\040\154\333\121\375\122\006\147\220\122\035\153\145\000\040\000P\000r\000e\000l\000i\000m\000i\000n\000a\000i\000r\000e\000s\000\040\000d\000'\000A\000n\000a\000l\000y\000s\000e\000\040\000F\000o\000n\000c\000t\000i\000o\000n\000n\000e\000l\000l\000e}{}% 140
\BOOKMARK [0][-]{chapter.36}{\376\377\137\025\121\145\000\040\000I\000n\000t\000r\000o\000d\000u\000c\000t\000i\000o\000n}{part.6}% 141
\BOOKMARK [0][-]{chapter.37}{\376\377\215\113\203\003\176\277\140\047\172\172\225\364\000\040\000E\000s\000p\000a\000c\000e\000\040\000v\000e\000c\000t\000o\000r\000i\000e\000l\000\040\000n\000o\000r\000m\000\351}{part.6}% 142
\BOOKMARK [0][-]{chapter.38}{\376\377\173\227\133\120\124\214\154\333\121\375\000\040\000O\000p\000\351\000r\000a\000t\000e\000u\000r\000s\000\040\000e\000t\000\040\000f\000o\000n\000c\000t\000i\000o\000n\000n\000e\000l\000l\000e\000s}{part.6}% 143
\BOOKMARK [0][-]{chapter.39}{\376\377\000B\000a\000n\000a\000c\000h\172\172\225\364\000\040\000E\000s\000p\000a\000c\000e\000\040\000d\000e\000\040\000B\000a\000n\000a\000c\000h}{part.6}% 144
\BOOKMARK [0][-]{chapter.40}{\376\377\000H\000i\000l\000b\000e\000r\000t\172\172\225\364\000\040\000E\000s\000p\000a\000c\000e\000\040\000d\000e\000\040\000H\000i\000l\000b\000e\000r\000t}{part.6}% 145
\BOOKMARK [0][-]{chapter.41}{\376\377\137\061\142\323\142\121\000\040\000W\000e\000a\000k\000\040\000t\000o\000p\000o\000l\000o\000g\000i\000e}{part.6}% 146
\BOOKMARK [0][-]{chapter.42}{\376\377\214\061\164\006\213\272\000\040\000T\000h\000\351\000o\000r\000i\000e\000\040\000s\000p\000e\000c\000t\000r\000a\000l\000e}{part.6}% 147
\BOOKMARK [0][-]{chapter.43}{\376\377\175\047\173\227\133\120\000\040\000C\000o\000m\000p\000a\000c\000t\000s}{part.6}% 148
\BOOKMARK [-1][-]{part.7}{\376\377\173\054\116\003\220\350\122\006\000\040\145\160\133\146\136\224\165\050\000\040\000A\000p\000p\000l\000i\000c\000a\000t\000i\000o\000n\000s\000\040\000M\000a\000t\000h\000\351\000m\000a\000t\000i\000q\000u\000e\000s}{}% 149
\BOOKMARK [0][-]{chapter.44}{\376\377\213\357\135\356\116\016\116\015\170\156\133\232\136\246\000E\000r\000r\000e\000u\000r\000s\000\040\000e\000t\000\040\000I\000n\000c\000e\000r\000t\000i\000t\000u\000d\000e\000s}{part.7}% 150
\BOOKMARK [1][-]{section.44.1}{\376\377\121\150\137\256\122\006\213\357\135\356\117\060\213\241}{chapter.44}% 151
\BOOKMARK [0][-]{chapter.45}{\376\377\221\317\176\262\122\006\147\220\000\040\000A\000n\000a\000l\000y\000s\000e\000\040\000Q\000u\000a\000n\000t\000i\000t\000a\000t\000i\000v\000e}{part.7}% 152
\BOOKMARK [0][-]{chapter.46}{\376\377\151\202\163\207\213\272\121\145\225\350\000I\000n\000t\000r\000o\000d\000u\000c\000t\000i\000o\000n\000:\000\040\000L\000a\000\040\000P\000r\000o\000b\000a\000b\000i\000l\000i\000t\000\351}{part.7}% 153
\BOOKMARK [0][-]{chapter.47}{\376\377\173\200\123\125\145\160\133\146\152\041\127\213\000\040\000M\000o\000d\000\350\000l\000e\000\040\000M\000a\000t\000h\000\351\000m\000a\000t\000i\000q\000u\000e\000\040\000S\000i\000m\000p\000l\000e}{part.7}% 154
\BOOKMARK [0][-]{chapter.48}{\376\377\171\273\145\143\117\030\123\026\152\041\127\213\000\040\000M\000o\000d\000\350\000l\000e\000s\000\040\000d\000'\000O\000p\000t\000i\000m\000i\000s\000a\000t\000i\000o\000n\000\040\000D\000i\000s\000c\000r\000e\000t\000s}{part.7}% 155
\BOOKMARK [0][-]{chapter.49}{\376\377\217\336\176\355\117\030\123\026\152\041\127\213\000\040\000M\000o\000d\000\350\000l\000e\000\040\000d\000'\000O\000p\000t\000i\000m\000i\000s\000a\000t\000i\000o\000n\000\040\000C\000o\000n\000t\000i\000n\000u\000e}{part.7}% 156
\BOOKMARK [0][-]{chapter.50}{\376\377\145\160\133\146\162\151\164\006\145\271\172\013\000\040\000\311\000q\000u\000a\000t\000i\000o\000n\000s\000\040\000M\000a\000t\000h\000\351\000m\000a\000t\000i\000q\000u\000e\000s\000\040\000P\000h\000y\000s\000i\000q\000u\000e\000s}{part.7}% 157
\BOOKMARK [1][-]{section.50.1}{\376\377\154\342\122\250\145\271\172\013\000\040\000\311\000q\000u\000a\000t\000i\000o\000n\000\040\000d\000e\000s\000\040\000O\000n\000d\000e\000s}{chapter.50}% 158
\BOOKMARK [1][-]{section.50.2}{\376\377\000d\000'\000A\000l\000e\000m\000b\000e\000r\000t\145\271\172\013\166\204\156\020\217\333\211\343\000\040\000S\000o\000l\000u\000t\000i\000o\000n\000s\000\040\000p\000r\000o\000g\000r\000e\000s\000s\000i\000v\000e\000s\000\040\000d\000e\000\040\000l\000'\000\351\000q\000u\000a\000t\000i\000o\000n\000\040\000d\000e\000\040\000d\000'\000A\000l\000e\000m\000b\000e\000r\000t}{chapter.50}% 159
\BOOKMARK [1][-]{section.50.3}{\376\377\160\355\145\271\172\013}{chapter.50}% 160
\BOOKMARK [1][-]{section.50.4}{\376\377\172\063\140\001\145\271\172\013}{chapter.50}% 161
\BOOKMARK [1][-]{section.50.5}{\376\377\133\232\211\343\147\141\116\366}{chapter.50}% 162
\BOOKMARK [0][-]{chapter.51}{\376\377\133\371\171\360\177\244\116\016\122\006\133\120\133\371\171\360\140\047\000\040\000G\000r\000o\000u\000p\000e\000\040\000S\000y\000m\000\351\000t\000r\000i\000q\000u\000e\000\040\000e\000t\000\040\000S\000y\000m\000\351\000t\000r\000i\000e\000\040\000M\000o\000l\000\351\000c\000u\000l\000a\000i\000r\000e}{part.7}% 163
\BOOKMARK [1][-]{section.51.1}{\376\377\122\006\133\120\133\371\171\360\140\047\124\214\133\371\171\360\177\244}{chapter.51}% 164
\BOOKMARK [1][-]{section.51.2}{\376\377\177\244\166\204\210\150\171\072}{chapter.51}% 165
\BOOKMARK [1][-]{section.51.3}{\376\377\133\371\171\360\140\047\123\071\221\115\166\204\176\277\140\047\176\304\124\010}{chapter.51}% 166
\BOOKMARK [1][-]{section.51.4}{\376\377\122\006\133\120\217\150\220\123\164\006\213\272}{chapter.51}% 167
\BOOKMARK [1][-]{section.51.5}{\376\377\221\115\117\123\127\072\164\006\213\272}{chapter.51}% 168
\BOOKMARK [0][-]{chapter.52}{\376\377\151\202\163\207\116\016\117\115\122\277\000\040\000P\000r\000o\000b\000a\000b\000i\000l\000i\000t\000\351\000s\000\040\000e\000t\000\040\000p\000o\000t\000e\000n\000t\000i\000e\000l\000s}{part.7}% 169
\BOOKMARK [0][-]{chapter.53}{\376\377\127\072\213\272\000\040\000T\000h\000\351\000o\000r\000i\000e\000\040\000d\000e\000s\000\040\000C\000h\000a\000m\000p\000s}{part.7}% 170
\BOOKMARK [0][-]{chapter.54}{\376\377\165\065\170\301\127\072\000C\000h\000a\000m\000p\000s\000\040\000\311\000l\000e\000c\000t\000r\000o\000m\000a\000g\000n\000\351\000t\000i\000q\000u\000e\000s}{part.7}% 171
\BOOKMARK [0][-]{chapter.55}{\376\377\137\025\122\233\127\072\000\040\000C\000h\000a\000m\000p\000\040\000G\000r\000a\000v\000i\000t\000a\000t\000i\000o\000n\000n\000e\000l}{part.7}% 172
\BOOKMARK [0][-]{chapter.56}{\376\377\155\101\117\123\127\072\000C\000h\000a\000m\000p\000s\000\040\000d\000e\000\040\000F\000l\000u\000i\000d\000e\000s}{part.7}% 173
\BOOKMARK [1][-]{section.56.1}{\376\377\164\006\140\363\155\101\117\123}{chapter.56}% 174
\BOOKMARK [1][-]{section.56.2}{\376\377\133\236\226\105\155\101\117\123}{chapter.56}% 175
\BOOKMARK [1][-]{section.56.3}{\376\377\134\102\155\101\116\016\156\115\155\101}{chapter.56}% 176
\BOOKMARK [1][-]{section.56.4}{\376\377\155\101\117\123\217\271\165\114\134\102}{chapter.56}% 177
\BOOKMARK [-1][-]{part.8}{\376\377\173\054\121\153\220\350\122\006\000\040\226\104\137\125\000\040\000A\000n\000n\000e\000x\000e}{}% 178
\BOOKMARK [0][-]{appendix.A}{\376\377\121\375\145\160\210\150\000\040\000T\000a\000b\000l\000e\000\040\000d\000e\000\040\000f\000o\000n\000c\000t\000i\000o\000n}{part.8}% 179
\BOOKMARK [1][-]{section.A.1}{\376\377\171\357\122\006\121\375\145\160\210\150\000\040}{appendix.A}% 180
\BOOKMARK [1][-]{section.A.2}{\376\377\000F\000o\000u\000r\000i\000e\000r\123\330\143\142\121\375\145\160\210\150\000\040}{appendix.A}% 181
\BOOKMARK [1][-]{section.A.3}{\376\377\000L\000a\000p\000l\000a\000c\000e\123\330\143\142\121\375\145\160\210\150\000\040}{appendix.A}% 182
\BOOKMARK [0][-]{appendix.B}{\376\377\116\011\153\265\213\272\000\040\000S\000y\000l\000l\000o\000g\000i\000s\000m\000e}{part.8}% 183
\BOOKMARK [0][-]{appendix.C}{\376\377\213\301\146\016\145\271\154\325\000\040\000M\000\351\000t\000h\000o\000d\000e\000\040\000d\000e\000\040\000d\000\351\000m\000o\000n\000s\000t\000r\000a\000t\000i\000o\000n}{part.8}% 184
\BOOKMARK [0][-]{appendix.D}{\376\377\116\343\170\001\000\040\000C\000o\000d\000e}{part.8}% 185
