\BOOKMARK [0][-]{chapter.1}{\376\377\220\073\217\221\116\016\213\301\146\016\000\040\000L\000o\000g\000i\000q\000u\000e\000\040\000e\000t\000\040\000D\000\351\000m\000o\000n\000s\000t\000r\000a\000t\000i\000o\000n}{}% 1
\BOOKMARK [1][-]{section.1.1}{\376\377\127\372\147\054\220\073\217\221}{chapter.1}% 2
\BOOKMARK [2][-]{subsection.1.1.1}{\376\377\124\175\230\230\220\073\217\221}{section.1.1}% 3
\BOOKMARK [2][-]{subsection.1.1.2}{\376\377\000P\000r\000o\000p\000o\000s\000i\000t\000i\000o\000n\000:\000\040\220\073\217\221\121\154\164\006}{section.1.1}% 4
\BOOKMARK [2][-]{subsection.1.1.3}{\376\377\000D\000e\000\040\000M\000o\000r\000g\000a\000n\133\232\137\213}{section.1.1}% 5
\BOOKMARK [1][-]{section.1.2}{\376\377\221\317\213\315\000\040\000Q\000u\000a\000n\000t\000i\000f\000i\000c\000a\000t\000e\000u\000r}{chapter.1}% 6
\BOOKMARK [2][-]{subsection.1.2.1}{\376\377\121\150\171\360\221\317\213\315\000\040\000Q\000u\000a\000n\000t\000i\000f\000i\000c\000a\000t\000i\000o\000n\000\040\000U\000n\000i\000v\000e\000r\000s\000e\000l\000l\000e}{section.1.2}% 7
\BOOKMARK [2][-]{subsection.1.2.2}{\376\377\133\130\127\050\221\317\213\315\000\040\000Q\000u\000a\000n\000t\000i\000f\000i\000c\000a\000t\000i\000o\000n\000\040\000E\000x\000i\000s\000t\000e\000n\000t\000i\000e\000l\000l\000e}{section.1.2}% 8
\BOOKMARK [1][-]{section.1.3}{\376\377\213\301\146\016\000\040\000D\000\351\000m\000o\000n\000s\000t\000r\000a\000t\000i\000o\000n}{chapter.1}% 9
\BOOKMARK [2][-]{subsection.1.3.1}{\376\377\220\073\217\221\123\330\143\142}{section.1.3}% 10
\BOOKMARK [2][-]{subsection.1.3.2}{\376\377\116\011\153\265\213\272\000\040\000S\000y\000l\000l\000o\000g\000i\000s\000m\000e}{section.1.3}% 11
\BOOKMARK [2][-]{subsection.1.3.3}{\376\377\116\076\117\213\213\301\146\016}{section.1.3}% 12
\BOOKMARK [2][-]{subsection.1.3.4}{\376\377\220\006\124\046\213\301\146\016}{section.1.3}% 13
\BOOKMARK [2][-]{subsection.1.3.5}{\376\377\123\315\213\301\154\325}{section.1.3}% 14
\BOOKMARK [2][-]{subsection.1.3.6}{\376\377\137\122\176\263\154\325}{section.1.3}% 15
\BOOKMARK [2][-]{subsection.1.3.7}{\376\377\122\006\174\173\213\250\213\272}{section.1.3}% 16
\BOOKMARK [0][-]{chapter.2}{\376\377\226\306\124\010\000\040\000E\000n\000s\000e\000m\000b\000l\000e\000s}{}% 17
\BOOKMARK [1][-]{section.2.1}{\376\377\226\306\124\010}{chapter.2}% 18
\BOOKMARK [2][-]{subsection.2.1.1}{\376\377\000D\000\351\000f\000i\000n\000i\000t\000i\000o\000n}{section.2.1}% 19
\BOOKMARK [2][-]{subsection.2.1.2}{\376\377\226\306\124\010\166\204\162\171\140\047}{section.2.1}% 20
\BOOKMARK [2][-]{subsection.2.1.3}{\376\377\175\042\137\025\145\317\000\040\000F\000a\000m\000i\000l\000l\000e\000\040\000I\000n\000d\000e\000x\000\351\000e}{section.2.1}% 21
\BOOKMARK [2][-]{subsection.2.1.4}{\376\377\133\120\226\306\000\040\000S\000o\000u\000s\000-\000e\000n\000s\000e\000m\000b\000l\000e}{section.2.1}% 22
\BOOKMARK [2][-]{subsection.2.1.5}{\376\377\136\102\226\306\000\040\000E\000n\000s\000e\000m\000b\000l\000e\000\040\000P\000u\000i\000s\000s\000a\000n\000c\000e}{section.2.1}% 23
\BOOKMARK [1][-]{section.2.2}{\376\377\116\214\121\103\121\163\174\373\000\040\000R\000e\000l\000a\000t\000i\000o\000n\000\040\000B\000i\000n\000a\000i\000r\000e}{chapter.2}% 24
\BOOKMARK [2][-]{subsection.2.2.1}{\376\377\147\011\136\217\133\371\000\040\000C\000o\000u\000p\000l\000e}{section.2.2}% 25
\BOOKMARK [2][-]{subsection.2.2.2}{\376\377\000D\000\351\000f\000i\000n\000i\000t\000i\000o\000n}{section.2.2}% 26
\BOOKMARK [2][-]{subsection.2.2.3}{\376\377\121\163\174\373\166\204\140\047\215\050}{section.2.2}% 27
\BOOKMARK [2][-]{subsection.2.2.4}{\376\377\173\111\116\367\121\163\174\373\000\040\000R\000e\000l\000a\000t\000i\000o\000n\000\040\000d\000'\000\311\000q\000u\000i\000v\000a\000l\000e\000n\000c\000e}{section.2.2}% 28
\BOOKMARK [2][-]{subsection.2.2.5}{\376\377\136\217\121\163\174\373\000\040\000R\000e\000l\000a\000t\000i\000o\000n\000\040\000d\000'\000O\000r\000d\000r\000e}{section.2.2}% 29
\BOOKMARK [1][-]{section.2.3}{\376\377\226\306\124\010\166\204\217\320\173\227}{chapter.2}% 30
\BOOKMARK [2][-]{subsection.2.3.1}{\376\377\116\244\226\306}{section.2.3}% 31
\BOOKMARK [2][-]{subsection.2.3.2}{\376\377\136\166\226\306}{section.2.3}% 32
\BOOKMARK [2][-]{subsection.2.3.3}{\376\377\000R\000e\000m\000a\000r\000q\000u\000e\000:\000\040\116\244\226\306\116\016\136\166\226\306\166\204\140\047\215\050}{section.2.3}% 33
\BOOKMARK [2][-]{subsection.2.3.4}{\376\377\226\306\124\010\166\204\122\006\221\115\137\213}{section.2.3}% 34
\BOOKMARK [2][-]{subsection.2.3.5}{\376\377\210\145\226\306\000\040}{section.2.3}% 35
\BOOKMARK [2][-]{subsection.2.3.6}{\376\377\135\356\226\306}{section.2.3}% 36
\BOOKMARK [2][-]{subsection.2.3.7}{\376\377\173\033\123\141\134\024\171\357\000\040\000P\000r\000o\000d\000u\000i\000t\000\040\000C\000a\000r\000t\000\351\000s\000i\000e\000n}{section.2.3}% 37
\BOOKMARK [2][-]{subsection.2.3.8}{\376\377\000D\000e\000\040\000M\000o\000r\000g\000a\000n\133\232\137\213\166\204\226\306\124\010\137\142\137\017}{section.2.3}% 38
\BOOKMARK [1][-]{section.2.4}{\376\377\121\154\164\006\123\026\166\204\226\306\124\010\213\272}{chapter.2}% 39
\BOOKMARK [2][-]{subsection.2.4.1}{\376\377\000R\000u\000s\000s\000e\000l\000l\140\226\213\272}{section.2.4}% 40
\BOOKMARK [2][-]{subsection.2.4.2}{\376\377\000Z\000e\000r\000m\000e\000l\000o\000-\000F\000r\000a\000e\000n\000k\000e\000l\226\306\124\010\213\272\000:\000Z\000F\121\154\164\006\117\123\174\373}{section.2.4}% 41
\BOOKMARK [2][-]{subsection.2.4.3}{\376\377\220\011\142\351\121\154\164\006\000:\000Z\000F\000C\121\154\164\006\117\123\174\373}{section.2.4}% 42
\BOOKMARK [0][-]{chapter.3}{\376\377\146\040\134\004\000\040\000A\000p\000p\000l\000i\000c\000a\000t\000i\000o\000n\000s}{}% 43
\BOOKMARK [0][-]{chapter.4}{\376\377\123\357\145\160\140\047\000\040\000D\000\351\000n\000o\000e\000m\000b\000r\000a\000b\000i\000l\000i\000t\000\351}{}% 44
\BOOKMARK [1][-]{section.4.1}{\376\377\127\372\145\160\000\040\000L\000a\000\040\000c\000a\000r\000d\000i\000n\000a\000l\000i\000t\000\351}{chapter.4}% 45
\BOOKMARK [2][-]{subsection.4.1.1}{\376\377\000D\000\351\000f\000i\000n\000i\000t\000i\000o\000n}{section.4.1}% 46
\BOOKMARK [2][-]{subsection.4.1.2}{\376\377\000P\000r\000o\000p\000o\000s\000i\000t\000i\000o\000n}{section.4.1}% 47
\BOOKMARK [2][-]{subsection.4.1.3}{\376\377\000P\000r\000o\000p\000o\000s\000i\000t\000i\000o\000n}{section.4.1}% 48
\BOOKMARK [1][-]{section.4.2}{\376\377\123\357\145\160\140\047}{chapter.4}% 49
\BOOKMARK [2][-]{subsection.4.2.1}{\376\377\000D\000\351\000f\000i\000n\000i\000t\000i\000o\000n}{section.4.2}% 50
\BOOKMARK [2][-]{subsection.4.2.2}{\376\377\000E\000x\000e\000m\000p\000l\000e}{section.4.2}% 51
\BOOKMARK [2][-]{subsection.4.2.3}{\376\377\000P\000r\000o\000p\000o\000s\000i\000t\000i\000o\000n}{section.4.2}% 52
\BOOKMARK [1][-]{section.4.3}{\376\377\145\340\226\120\226\306\166\204\123\357\145\160\140\047}{chapter.4}% 53
\BOOKMARK [2][-]{subsection.4.3.1}{\376\377\000D\000\351\000f\000i\000n\000i\000t\000i\000o\000n}{section.4.3}% 54
\BOOKMARK [2][-]{subsection.4.3.2}{\376\377\000E\000x\000e\000m\000p\000l\000e}{section.4.3}% 55
\BOOKMARK [2][-]{subsection.4.3.3}{\376\377\133\120\226\306\123\357\145\160\121\163\174\373}{section.4.3}% 56
\BOOKMARK [2][-]{subsection.4.3.4}{\376\377\000P\000r\000o\000p\000o\000s\000i\000t\000i\000o\000n\000:\123\357\145\160\226\306\123\357\145\160\136\166\123\357\145\160}{section.4.3}% 57
\BOOKMARK [2][-]{subsection.4.3.5}{\376\377\000P\000r\000o\000p\000o\000s\000i\000t\000i\000o\000n\000:\123\357\145\160\226\306\121\103\176\304\123\357\145\160}{section.4.3}% 58
\BOOKMARK [2][-]{subsection.4.3.6}{\376\377\000P\000r\000o\000p\000o\000s\000i\000t\000i\000o\000n\000:\147\011\164\006\145\160\226\306\123\357\145\160}{section.4.3}% 59
\BOOKMARK [2][-]{subsection.4.3.7}{\376\377\000P\000r\000o\000p\000o\000s\000i\000t\000i\000o\000n\000:\145\340\164\006\145\160\226\306\116\015\123\357\145\160}{section.4.3}% 60
\BOOKMARK [0][-]{chapter.5}{\376\377\217\320\173\227\116\016\116\343\145\160\176\323\147\204\000\040\000O\000p\000\351\000r\000a\000t\000i\000o\000n\000s\000\040\000e\000t\000\040\000S\000t\000r\000u\000c\000t\000u\000r\000e\000\040\000A\000l\000g\000\351\000b\000r\000i\000q\000u\000e}{}% 61
\BOOKMARK [1][-]{section.5.1}{\376\377\217\320\173\227}{chapter.5}% 62
\BOOKMARK [2][-]{subsection.5.1.1}{\376\377\000D\000\351\000f\000i\000n\000i\000t\000i\000o\000n}{section.5.1}% 63
\BOOKMARK [2][-]{subsection.5.1.2}{\376\377\176\323\124\010\137\213\000\040\000A\000s\000s\000o\000c\000i\000a\000t\000i\000v\000e}{section.5.1}% 64
\BOOKMARK [2][-]{subsection.5.1.3}{\376\377\116\244\143\142\137\213\000\040\000C\000o\000m\000m\000u\000t\000a\000t\000i\000v\000e}{section.5.1}% 65
\BOOKMARK [2][-]{subsection.5.1.4}{\376\377\116\055\140\047\121\103\000/\123\125\117\115\121\103\000\040\000l\000'\000\351\000l\000\351\000m\000e\000n\000t\000\040\000n\000e\000u\000t\000r\000e\000/\000i\000d\000e\000n\000t\000i\000t\000\351}{section.5.1}% 66
\BOOKMARK [2][-]{subsection.5.1.5}{\376\377\123\357\220\006\121\103\000/\123\357\133\371\171\360\121\103\000\040\000S\000y\000m\000\351\000t\000r\000i\000q\000u\000e}{section.5.1}% 67
\BOOKMARK [1][-]{section.5.2}{\376\377\173\046\124\010\176\323\124\010\137\213\166\204\147\011\123\125\117\115\121\103\217\320\173\227}{chapter.5}% 68
\BOOKMARK [2][-]{subsection.5.2.1}{\376\377\123\357\133\371\171\360\121\103\125\057\116\000\140\047}{section.5.2}% 69
\BOOKMARK [2][-]{subsection.5.2.2}{\376\377\123\357\133\371\171\360\166\204\217\320\173\227\116\015\123\330\140\047}{section.5.2}% 70
\BOOKMARK [2][-]{subsection.5.2.3}{\376\377\211\343\166\204\125\057\116\000\140\047}{section.5.2}% 71
\BOOKMARK [1][-]{section.5.3}{\376\377\116\343\145\160\176\323\147\204\000\040\000S\000t\000r\000u\000c\000t\000u\000r\000e\000\040\000A\000l\000g\000\351\000b\000r\000i\000q\000u\000e}{chapter.5}% 72
\BOOKMARK [2][-]{subsection.5.3.1}{\376\377\134\001\225\355\140\047}{section.5.3}% 73
\BOOKMARK [1][-]{section.5.4}{\376\377\177\244\000\040\000G\000r\000o\000u\000p\000e}{chapter.5}% 74
\BOOKMARK [2][-]{subsection.5.4.1}{\376\377\000D\000\351\000f\000i\000n\000i\000t\000i\000o\000n}{section.5.4}% 75
\BOOKMARK [2][-]{subsection.5.4.2}{\376\377\226\066\000\040\000O\000r\000d\000r\000e}{section.5.4}% 76
\BOOKMARK [2][-]{subsection.5.4.3}{\376\377\116\130\154\325\210\150}{section.5.4}% 77
\BOOKMARK [2][-]{subsection.5.4.4}{\376\377\221\315\143\222\133\232\164\006}{section.5.4}% 78
\BOOKMARK [2][-]{subsection.5.4.5}{\376\377\165\037\142\020\121\103}{section.5.4}% 79
\BOOKMARK [1][-]{section.5.5}{\376\377\137\061\123\026\000:\116\316\123\237\177\244\122\060\177\244}{chapter.5}% 80
\BOOKMARK [2][-]{subsection.5.5.1}{\376\377\123\237\177\244\000\040\000M\000a\000g\000m\000a}{section.5.5}% 81
\BOOKMARK [2][-]{subsection.5.5.2}{\376\377\123\112\177\244\000\040\000D\000e\000m\000i\000-\000g\000r\000o\000u\000p\000e}{section.5.5}% 82
\BOOKMARK [2][-]{subsection.5.5.3}{\376\377\136\172\123\112\177\244\000\040\000M\000o\000n\000o\000\357\000d\000e}{section.5.5}% 83
\BOOKMARK [2][-]{subsection.5.5.4}{\376\377\142\337\177\244\000\040\000Q\000u\000a\000s\000i\000g\000r\000o\000u\000p\000e}{section.5.5}% 84
\BOOKMARK [1][-]{section.5.6}{\376\377\177\244\213\272\127\372\170\100\000\040\000L\000a\000\040\000T\000h\000\351\000o\000r\000i\000e\000\040\000R\000u\000d\000i\000m\000e\000n\000t\000a\000i\000r\000e\000\040\000d\000e\000s\000\040\000G\000r\000o\000u\000p\000e\000s}{chapter.5}% 85
\BOOKMARK [2][-]{subsection.5.6.1}{\376\377\121\161\217\155\121\163\174\373\000\040\000C\000o\000n\000j\000u\000g\000a\000i\000s\000o\000n}{section.5.6}% 86
\BOOKMARK [2][-]{subsection.5.6.2}{\376\377\133\120\177\244\000\040\000S\000o\000u\000s\000-\000g\000r\000o\000u\000p\000e}{section.5.6}% 87
\BOOKMARK [2][-]{subsection.5.6.3}{\376\377\226\152\226\306\000\040\000C\000l\000a\000s\000s\000e\000\040\000s\000u\000i\000v\000a\000n\000t\000\040\000u\000n\000\040\000s\000o\000u\000s\000-\000g\000r\000o\000u\000p\000e}{section.5.6}% 88
\BOOKMARK [2][-]{subsection.5.6.4}{\376\377\177\244\213\272\166\204\000L\000a\000g\000r\000a\000n\000g\000e\133\232\164\006}{section.5.6}% 89
\BOOKMARK [2][-]{subsection.5.6.5}{\376\377\153\143\211\304\133\120\177\244\000\040\000S\000o\000u\000s\000-\000g\000r\000o\000u\000p\000e\000\040\000n\000o\000r\000m\000a\000l}{section.5.6}% 90
\BOOKMARK [2][-]{subsection.5.6.6}{\376\377\125\106\177\244\000\040\000G\000r\000o\000u\000p\000e\000\040\000q\000u\000o\000t\000i\000e\000n\000t}{section.5.6}% 91
\BOOKMARK [2][-]{subsection.5.6.7}{\376\377\124\014\140\001\000\040\000H\000o\000m\000o\000m\000o\000r\000p\000h\000i\000s\000m\000e}{section.5.6}% 92
\BOOKMARK [2][-]{subsection.5.6.8}{\376\377\124\014\147\204\000\040\000I\000s\000o\000m\000o\000r\000p\000h\000i\000s\000m\000e}{section.5.6}% 93
\BOOKMARK [2][-]{subsection.5.6.9}{\376\377\150\070\000\040\000N\000o\000y\000a\000u}{section.5.6}% 94
\BOOKMARK [1][-]{section.5.7}{\376\377\163\257\000\040\000A\000n\000n\000e\000a\000u}{chapter.5}% 95
\BOOKMARK [2][-]{subsection.5.7.1}{\376\377\000D\000\351\000f\000i\000n\000i\000t\000i\000o\000n}{section.5.7}% 96
\BOOKMARK [2][-]{subsection.5.7.2}{\376\377\163\257\166\204\140\047\215\050}{section.5.7}% 97
\BOOKMARK [2][-]{subsection.5.7.3}{\376\377\162\171\153\212\166\204\163\257}{section.5.7}% 98
\BOOKMARK [1][-]{section.5.8}{\376\377\127\337\000\040\000C\000o\000r\000p\000s}{chapter.5}% 99
\BOOKMARK [2][-]{subsection.5.8.1}{\376\377\000D\000\351\000f\000i\000n\000i\000t\000i\000o\000n}{section.5.8}% 100
\BOOKMARK [2][-]{subsection.5.8.2}{\376\377\127\337\166\204\140\047\215\050}{section.5.8}% 101
\BOOKMARK [0][-]{chapter.6}{\376\377\000B\000o\000n\000u\000s\000:\133\371\171\360\177\244\116\016\122\006\133\120\133\371\171\360\140\047\000\040\000G\000r\000o\000u\000p\000e\000\040\000S\000y\000m\000\351\000t\000r\000i\000q\000u\000e\000\040\000e\000t\000\040\000S\000y\000m\000\351\000t\000r\000i\000e\000\040\000M\000o\000l\000\351\000c\000u\000l\000a\000i\000r\000e}{}% 102
\BOOKMARK [0][-]{chapter.7}{\376\377\133\236\145\160\000\040\000N\000o\000m\000b\000r\000e\000\040\000R\000e\000\351\000l}{}% 103
\BOOKMARK [1][-]{section.7.1}{\376\377\133\236\145\160\127\337}{chapter.7}% 104
\BOOKMARK [1][-]{section.7.2}{\376\377\172\040\133\306\140\047}{chapter.7}% 105
\BOOKMARK [1][-]{section.7.3}{\376\377\150\071\166\204\133\130\127\050\140\047}{chapter.7}% 106
\BOOKMARK [1][-]{section.7.4}{\376\377\131\015\145\160\127\337}{chapter.7}% 107
\BOOKMARK [1][-]{section.7.5}{\376\377\124\021\221\317\172\172\225\364}{chapter.7}% 108
\BOOKMARK [1][-]{section.7.6}{\376\377\000E\000u\000c\000l\000i\000d\000e\172\172\225\364}{chapter.7}% 109
\BOOKMARK [0][-]{chapter.8}{\376\377\000R\116\012\166\204\116\000\121\103\121\375\145\160}{}% 110
\BOOKMARK [0][-]{chapter.9}{\376\377\131\015\145\160\116\016\000E\000u\000c\000l\000i\000d\000e\172\172\225\364\000N\000o\000m\000b\000r\000e\000\040\000C\000o\000m\000p\000l\000e\000x\000e\000\040\000e\000t\000\040\000E\000s\000p\000a\000c\000e\000\040\000E\000u\000c\000l\000i\000d\000i\000e\000n}{}% 111
\BOOKMARK [0][-]{chapter.10}{\376\377\145\160\122\027\116\016\145\160\230\171\176\247\145\160\000S\000u\000i\000t\000e\000s\000\040\000e\000t\000\040\000S\000\351\000r\000i\000e\000s}{}% 112
\BOOKMARK [0][-]{chapter.11}{\376\377\121\375\145\160\122\027\116\016\121\375\145\160\230\171\176\247\145\160\000S\000u\000i\000t\000e\000s\000\040\000e\000t\000\040\000S\000\351\000r\000i\000e\000s\000\040\000d\000e\000\040\000F\000o\000n\000c\000t\000i\000o\000n\000s}{}% 113
\BOOKMARK [1][-]{section.11.1}{\376\377\121\375\145\160\122\027\116\016\121\375\145\160\230\171\176\247\145\160}{chapter.11}% 114
\BOOKMARK [2][-]{subsection.11.1.1}{\376\377\000D\000\351\000f\000i\000n\000i\000t\000i\000o\000n}{section.11.1}% 115
\BOOKMARK [2][-]{subsection.11.1.2}{\376\377\000R\000e\000m\000a\000r\000q\000u\000e\000:\116\214\200\005\166\204\121\163\174\373}{section.11.1}% 116
\BOOKMARK [1][-]{section.11.2}{\376\377\220\020\160\271\145\066\145\133\000\040\000C\000o\000n\000v\000e\000r\000g\000e\000n\000c\000e\000\040\000s\000i\000m\000p\000l\000e}{chapter.11}% 117
\BOOKMARK [2][-]{subsection.11.2.1}{\376\377\000D\000\351\000f\000i\000n\000i\000t\000i\000o\000n}{section.11.2}% 118
\BOOKMARK [2][-]{subsection.11.2.2}{\376\377\000P\000r\000o\000p\000o\000s\000i\000t\000i\000o\000n\000:\220\020\160\271\145\066\145\133\166\204\173\227\133\120\116\244\143\142}{section.11.2}% 119
\BOOKMARK [1][-]{section.11.3}{\376\377\116\000\201\364\145\066\145\133\000\040\000C\000o\000n\000v\000e\000r\000g\000e\000n\000c\000e\000\040\000u\000n\000i\000f\000o\000r\000m\000e}{chapter.11}% 120
\BOOKMARK [2][-]{subsection.11.3.1}{\376\377\165\114\000\040\000L\000a\000\040\000b\000o\000r\000n\000e}{section.11.3}% 121
\BOOKMARK [2][-]{subsection.11.3.2}{\376\377\000D\000\351\000f\000i\000n\000i\000t\000i\000o\000n}{section.11.3}% 122
\BOOKMARK [2][-]{subsection.11.3.3}{\376\377\000P\000r\000o\000p\000o\000s\000i\000t\000i\000o\000n\000:\217\336\176\355\140\047\166\204\117\040\220\022}{section.11.3}% 123
\BOOKMARK [2][-]{subsection.11.3.4}{\376\377\000P\000r\000o\000p\000o\000s\000i\000t\000i\000o\000n\000:\173\111\116\367\147\141\116\366}{section.11.3}% 124
\BOOKMARK [2][-]{subsection.11.3.5}{\376\377\122\044\145\255\116\000\201\364\145\066\145\133}{section.11.3}% 125
\BOOKMARK [2][-]{subsection.11.3.6}{\376\377\000P\000r\000o\000p\000o\000s\000i\000t\000i\000o\000n\000:\000\040\116\000\201\364\145\066\145\133\166\204\173\227\133\120\116\244\143\142}{section.11.3}% 126
\BOOKMARK [1][-]{section.11.4}{\376\377\117\235\203\003\145\160\145\066\145\133\000\040\000C\000o\000n\000v\000e\000r\000g\000e\000n\000c\000e\000\040\000n\000o\000r\000m\000a\000l\000e}{chapter.11}% 127
\BOOKMARK [2][-]{subsection.11.4.1}{\376\377\000D\000\351\000f\000i\000n\000i\000t\000i\000o\000n}{section.11.4}% 128
\BOOKMARK [2][-]{subsection.11.4.2}{\376\377\000R\000e\000m\000a\000r\000q\000u\000e\000:\116\000\201\364\145\066\145\133\116\016\117\235\203\003\145\160\145\066\145\133}{section.11.4}% 129
\BOOKMARK [2][-]{subsection.11.4.3}{\376\377\000P\000r\000o\000p\000o\000s\000i\000t\000i\000o\000n}{section.11.4}% 130
\BOOKMARK [0][-]{chapter.12}{\376\377\116\000\201\364\145\066\145\133\122\044\122\053\154\325}{}% 131
\BOOKMARK [1][-]{section.12.1}{\376\377\000C\000a\000u\000c\000h\000y\122\044\122\053\154\325}{chapter.12}% 132
\BOOKMARK [1][-]{section.12.2}{\376\377\000W\000e\000i\000e\000r\000s\000t\000r\000a\000s\000s\122\044\122\053\154\325}{chapter.12}% 133
\BOOKMARK [1][-]{section.12.3}{\376\377\000A\000b\000e\000l\000-\000D\000i\000r\000i\000c\000h\000l\000e\000t\122\044\122\053\154\325}{chapter.12}% 134
\BOOKMARK [2][-]{subsection.12.3.1}{\376\377\000D\000i\000r\000i\000c\000h\000l\000e\000t\122\044\122\053\154\325}{section.12.3}% 135
\BOOKMARK [2][-]{subsection.12.3.2}{\376\377\000A\000b\000e\000l\122\044\122\053\154\325}{section.12.3}% 136
\BOOKMARK [0][-]{chapter.13}{\376\377\000F\000o\000u\000r\000i\000e\000r\176\247\145\160\000S\000\351\000r\000i\000e\000\040\000d\000e\000\040\000F\000o\000u\000r\000i\000e\000r}{}% 137
\BOOKMARK [0][-]{chapter.14}{\376\377\136\246\221\317\172\172\225\364\000E\000s\000p\000a\000c\000e\000\040\000m\000\351\000t\000r\000i\000q\000u\000e}{}% 138
\BOOKMARK [1][-]{section.14.1}{\376\377\136\246\221\317\172\172\225\364}{chapter.14}% 139
\BOOKMARK [2][-]{subsection.14.1.1}{\376\377\000D\000\351\000f\000i\000n\000i\000t\000i\000o\000n}{section.14.1}% 140
\BOOKMARK [2][-]{subsection.14.1.2}{\376\377\000E\000x\000e\000m\000p\000l\000e\000:\000\040\000R\116\012\166\204\176\335\133\371\120\074}{section.14.1}% 141
\BOOKMARK [2][-]{subsection.14.1.3}{\376\377\000E\000x\000e\000m\000p\000l\000e\000:\171\273\145\143\136\246\221\317}{section.14.1}% 142
\BOOKMARK [2][-]{subsection.14.1.4}{\376\377\000E\000x\000e\000m\000p\000l\000e\000:\000\040\000L\000e\000v\000e\000n\000s\000h\000t\000e\000i\000n\136\246\221\317}{section.14.1}% 143
\BOOKMARK [1][-]{section.14.2}{\376\377\136\246\221\317\172\172\225\364\116\055\166\204\160\271\116\016\226\306\124\010}{chapter.14}% 144
\BOOKMARK [2][-]{subsection.14.2.1}{\376\377\147\011\165\114\226\306\116\016\145\340\165\114\226\306}{section.14.2}% 145
\BOOKMARK [2][-]{subsection.14.2.2}{\376\377\000P\000r\000o\000p\000o\000s\000i\000t\000i\000o\000n\000:\147\011\165\114\226\306\147\011\226\120\136\166\147\011\165\114}{section.14.2}% 146
\BOOKMARK [2][-]{subsection.14.2.3}{\376\377\220\273\127\337\000\040\000L\000e\000\040\000v\000o\000i\000s\000i\000n\000a\000g\000e}{section.14.2}% 147
\BOOKMARK [2][-]{subsection.14.2.4}{\376\377\147\201\226\120\160\271}{section.14.2}% 148
\BOOKMARK [2][-]{subsection.14.2.5}{\376\377\225\355\226\306}{section.14.2}% 149
\BOOKMARK [2][-]{subsection.14.2.6}{\376\377\121\205\160\271}{section.14.2}% 150
\BOOKMARK [2][-]{subsection.14.2.7}{\376\377\172\040\133\306\226\306\000\040\000L\000a\000\040\000d\000e\000n\000s\000i\000t\000\351}{section.14.2}% 151
\BOOKMARK [2][-]{subsection.14.2.8}{\376\377\133\214\131\007\226\306}{section.14.2}% 152
\BOOKMARK [1][-]{section.14.3}{\376\377\137\000\226\306\116\016\225\355\226\306\166\204\140\047\215\050}{chapter.14}% 153
\BOOKMARK [2][-]{subsection.14.3.1}{\376\377\137\000\226\306}{section.14.3}% 154
\BOOKMARK [2][-]{subsection.14.3.2}{\376\377\000P\000r\000o\000p\000o\000s\000i\000t\000i\000o\000n\000:\220\273\127\337\146\057\137\000\226\306}{section.14.3}% 155
\BOOKMARK [2][-]{subsection.14.3.3}{\376\377\137\000\226\306\166\204\210\145\226\306}{section.14.3}% 156
\BOOKMARK [2][-]{subsection.14.3.4}{\376\377\000P\000r\000o\000p\000o\000s\000i\000t\000i\000o\000n\000:\000\040\137\000\226\306\166\204\145\340\226\120\136\166\116\016\136\166\226\306\166\204\145\340\226\120\116\244}{section.14.3}% 157
\BOOKMARK [2][-]{subsection.14.3.5}{\376\377\000P\000r\000o\000p\000o\000s\000i\000t\000i\000o\000n\000:\000\040\137\000\226\306\166\204\147\011\226\120\116\244\116\016\136\166\226\306\166\204\147\011\226\120\136\166}{section.14.3}% 158
\BOOKMARK [2][-]{subsection.14.3.6}{\376\377\225\355\123\005\000\040\000L\000'\000a\000d\000h\000\351\000r\000e\000n\000c\000e}{section.14.3}% 159
\BOOKMARK [2][-]{subsection.14.3.7}{\376\377\000P\000r\000o\000p\000o\000s\000i\000t\000i\000o\000n}{section.14.3}% 160
\BOOKMARK [2][-]{subsection.14.3.8}{\376\377\000P\000r\000o\000p\000o\000s\000i\000t\000i\000o\000n}{section.14.3}% 161
\BOOKMARK [2][-]{subsection.14.3.9}{\376\377\000P\000r\000o\000p\000o\000s\000i\000t\000i\000o\000n}{section.14.3}% 162
\BOOKMARK [1][-]{section.14.4}{\376\377\166\370\133\371\137\000\226\306\000/\166\370\133\371\225\355\226\306}{chapter.14}% 163
\BOOKMARK [2][-]{subsection.14.4.1}{\376\377\166\370\133\371\137\000\226\306}{section.14.4}% 164
\BOOKMARK [2][-]{subsection.14.4.2}{\376\377\000P\000r\000o\000p\000o\000s\000i\000t\000i\000o\000n}{section.14.4}% 165
\BOOKMARK [2][-]{subsection.14.4.3}{\376\377\166\370\133\371\225\355\226\306}{section.14.4}% 166
\BOOKMARK [1][-]{section.14.5}{\376\377\175\047\226\306}{chapter.14}% 167
\BOOKMARK [2][-]{subsection.14.5.1}{\376\377\137\000\211\206\166\326}{section.14.5}% 168
\BOOKMARK [2][-]{subsection.14.5.2}{\376\377\175\047\226\306}{section.14.5}% 169
\BOOKMARK [2][-]{subsection.14.5.3}{\376\377\166\370\133\371\175\047\201\364}{section.14.5}% 170
\BOOKMARK [2][-]{subsection.14.5.4}{\376\377\175\047\226\306\166\204\140\047\215\050}{section.14.5}% 171
\BOOKMARK [1][-]{section.14.6}{\376\377\000H\000e\000i\000n\000e\000-\000B\000o\000r\000e\000l\133\232\164\006}{chapter.14}% 172
\BOOKMARK [2][-]{subsection.14.6.1}{\376\377\225\355\123\072\225\364\131\127\140\047\215\050}{section.14.6}% 173
\BOOKMARK [2][-]{subsection.14.6.2}{\376\377\000k\176\364\150\074\133\120}{section.14.6}% 174
\BOOKMARK [2][-]{subsection.14.6.3}{\376\377\000k\176\364\150\074\133\120\166\204\135\114\131\127\140\047\215\050}{section.14.6}% 175
\BOOKMARK [2][-]{subsection.14.6.4}{\376\377\000k\176\364\150\074\133\120\166\204\175\047\201\364\140\047}{section.14.6}% 176
\BOOKMARK [2][-]{subsection.14.6.5}{\376\377\000P\000r\000o\000p\000o\000s\000i\000t\000i\000o\000n}{section.14.6}% 177
\BOOKMARK [2][-]{subsection.14.6.6}{\376\377\000H\000e\000i\000n\000e\000-\000B\000o\000r\000e\000l\133\232\164\006}{section.14.6}% 178
\BOOKMARK [2][-]{subsection.14.6.7}{\376\377\133\236\175\047\226\306\166\204\147\201\226\120\160\271}{section.14.6}% 179
\BOOKMARK [2][-]{subsection.14.6.8}{\376\377\000W\000e\000i\000e\000r\000s\000t\000r\000a\000s\000s\133\232\164\006}{section.14.6}% 180
\BOOKMARK [1][-]{section.14.7}{\376\377\133\214\131\007\226\306\116\016\217\336\220\032\226\306}{chapter.14}% 181
\BOOKMARK [2][-]{subsection.14.7.1}{\376\377\000C\000a\000n\000t\000o\000r\116\011\122\006\226\306}{section.14.7}% 182
\BOOKMARK [2][-]{subsection.14.7.2}{\376\377\122\006\171\273\226\306}{section.14.7}% 183
\BOOKMARK [0][-]{chapter.15}{\376\377\215\113\203\003\172\172\225\364\000E\000s\000p\000a\000c\000e\000\040\000V\000e\000c\000t\000o\000r\000i\000e\000l\000\040\000N\000o\000r\000m\000\351}{}% 184
\BOOKMARK [1][-]{section.15.1}{\376\377\203\003\145\160\000\040\000L\000a\000\040\000n\000o\000r\000m\000e}{chapter.15}% 185
\BOOKMARK [2][-]{subsection.15.1.1}{\376\377\000D\000\351\000f\000i\000n\000i\000t\000i\000o\000n}{section.15.1}% 186
\BOOKMARK [2][-]{subsection.15.1.2}{\376\377\000R\000e\000m\000a\000r\000q\000u\000e\000:\176\277\140\047}{section.15.1}% 187
\BOOKMARK [2][-]{subsection.15.1.3}{\376\377\000P\000r\000o\000p\000o\000s\000i\000t\000i\000o\000n\000:\203\003\145\160\213\361\133\374\166\204\136\246\221\317}{section.15.1}% 188
\BOOKMARK [2][-]{subsection.15.1.4}{\376\377\136\163\171\373\116\015\123\330\140\047}{section.15.1}% 189
\BOOKMARK [1][-]{section.15.2}{\376\377\000L\000P\203\003\145\160}{chapter.15}% 190
\BOOKMARK [2][-]{subsection.15.2.1}{\376\377\000D\000\351\000f\000i\000n\000i\000t\000i\000o\000n}{section.15.2}% 191
\BOOKMARK [2][-]{subsection.15.2.2}{\376\377\137\000\164\003\000\040\000L\000a\000\040\000b\000o\000u\000l\000e\000\040\000o\000u\000v\000e\000r\000t\000e}{section.15.2}% 192
\BOOKMARK [2][-]{subsection.15.2.3}{\376\377\123\125\117\115\164\003\116\016\173\111\215\335\176\277}{section.15.2}% 193
\BOOKMARK [2][-]{subsection.15.2.4}{\376\377\121\375\145\160\172\172\225\364\116\012\166\204\000L\000P\203\003\145\160}{section.15.2}% 194
\BOOKMARK [1][-]{section.15.3}{\376\377\172\172\225\364\166\204\133\214\131\007\123\026}{chapter.15}% 195
\BOOKMARK [2][-]{subsection.15.3.1}{\376\377\133\236\145\160\377\032\116\003\116\052\173\111\116\367\124\175\230\230}{section.15.3}% 196
\BOOKMARK [2][-]{subsection.15.3.2}{\376\377\145\066\145\133}{section.15.3}% 197
\BOOKMARK [2][-]{subsection.15.3.3}{\376\377\000P\000r\000o\000p\000o\000s\000i\000t\000i\000o\000n}{section.15.3}% 198
\BOOKMARK [2][-]{subsection.15.3.4}{\376\377\000P\000r\000o\000p\000o\000s\000i\000t\000i\000o\000n}{section.15.3}% 199
\BOOKMARK [2][-]{subsection.15.3.5}{\376\377\000C\000a\000u\000c\000h\000y\122\027\116\016\145\066\145\133}{section.15.3}% 200
\BOOKMARK [2][-]{subsection.15.3.6}{\376\377\121\215\213\272\225\355\123\005\116\016\172\040\133\306\226\306}{section.15.3}% 201
\BOOKMARK [2][-]{subsection.15.3.7}{\376\377\133\214\131\007\172\172\225\364\116\016\133\214\131\007\123\026}{section.15.3}% 202
\BOOKMARK [1][-]{section.15.4}{\376\377\173\111\116\367\136\246\221\317\116\016\173\111\116\367\203\003\145\160}{chapter.15}% 203
\BOOKMARK [2][-]{subsection.15.4.1}{\376\377\123\314\000L\000i\000p\000s\000c\000h\000i\000t\000z\147\141\116\366}{section.15.4}% 204
\BOOKMARK [2][-]{subsection.15.4.2}{\376\377\173\111\116\367\203\003\145\160\000\040\000L\000a\000\040\000n\000o\000r\000m\000e\000\040\000\351\000q\000u\000i\000v\000a\000l\000e\000n\000t\000e}{section.15.4}% 205
\BOOKMARK [0][-]{chapter.16}{\376\377\121\205\171\357\000\040\000P\000r\000o\000d\000u\000i\000t\000\040\000S\000c\000a\000l\000a\000i\000r\000e}{}% 206
\BOOKMARK [1][-]{subsection.16.0.1}{\376\377\000D\000\351\000f\000i\000n\000i\000t\000i\000o\000n}{chapter.16}% 207
\BOOKMARK [2][-]{subsection.16.0.2}{\376\377\000C\000a\000u\000c\000h\000y\000-\000S\000c\000h\000w\000a\000t\000z\116\015\173\111\137\017}{subsection.16.0.1}% 208
\BOOKMARK [2][-]{subsection.16.0.3}{\376\377\121\205\171\357\213\361\133\374\166\204\203\003\145\160}{subsection.16.0.1}% 209
\BOOKMARK [2][-]{subsection.16.0.4}{\376\377\136\163\210\114\126\333\217\271\137\142\173\111\137\017}{subsection.16.0.1}% 210
\BOOKMARK [0][-]{chapter.17}{\376\377\142\323\142\121\121\145\225\350\000I\000n\000t\000r\000o\000d\000u\000c\000t\000i\000o\000n\000:\000L\000a\000\040\000T\000o\000p\000o\000l\000o\000g\000i\000e}{}% 211
\BOOKMARK [1][-]{section.17.1}{\376\377\142\323\142\121\172\172\225\364}{chapter.17}% 212
\BOOKMARK [2][-]{subsection.17.1.1}{\376\377\000D\000\351\000f\000i\000n\000i\000t\000i\000o\000n}{section.17.1}% 213
\BOOKMARK [2][-]{subsection.17.1.2}{\376\377\000R\000e\000m\000a\000r\000q\000u\000e\000:\121\166\116\326\166\204\121\154\164\006\123\026}{section.17.1}% 214
\BOOKMARK [2][-]{subsection.17.1.3}{\376\377\000P\000r\000o\000p\000o\000s\000i\000t\000i\000o\000n\000:\225\355\226\306}{section.17.1}% 215
\BOOKMARK [2][-]{subsection.17.1.4}{\376\377\000E\000x\000e\000m\000p\000l\000e}{section.17.1}% 216
\BOOKMARK [2][-]{subsection.17.1.5}{\376\377\171\273\145\143\142\323\142\121\000\040\000T\000o\000p\000o\000l\000o\000g\000i\000e\000\040\000d\000i\000s\000c\000r\000\350\000t\000e}{section.17.1}% 217
\BOOKMARK [2][-]{subsection.17.1.6}{\376\377\133\306\167\100\142\323\142\121\000\040\000T\000o\000p\000o\000l\000o\000g\000i\000e\000\040\000g\000r\000o\000s\000s\000i\000\350\000t\000e}{section.17.1}% 218
\BOOKMARK [2][-]{subsection.17.1.7}{\376\377\136\246\221\317\213\361\133\374\166\204\142\323\142\121}{section.17.1}% 219
\BOOKMARK [2][-]{subsection.17.1.8}{\376\377\147\011\226\120\210\145\142\323\142\121\000\040\000T\000o\000p\000o\000l\000o\000g\000i\000e\000\040\000d\000e\000s\000\040\000c\000o\000m\000p\000l\000\351\000m\000e\000n\000t\000s\000\040\000f\000i\000n\000i\000s}{section.17.1}% 220
\BOOKMARK [2][-]{subsection.17.1.9}{\376\377\133\120\172\172\225\364\142\323\142\121}{section.17.1}% 221
\BOOKMARK [1][-]{section.17.2}{\376\377\142\323\142\121\172\172\225\364\221\314\166\204\160\271\226\306}{chapter.17}% 222
\BOOKMARK [2][-]{subsection.17.2.1}{\376\377\220\273\127\337}{section.17.2}% 223
\BOOKMARK [2][-]{subsection.17.2.2}{\376\377\121\205\160\271}{section.17.2}% 224
\BOOKMARK [2][-]{subsection.17.2.3}{\376\377\147\201\226\120\160\271\116\016\225\355\123\005\160\271}{section.17.2}% 225
\BOOKMARK [2][-]{subsection.17.2.4}{\376\377\131\026\160\271\116\016\217\271\165\114\160\271}{section.17.2}% 226
\BOOKMARK [2][-]{subsection.17.2.5}{\376\377\161\237\140\211\166\204\124\175\230\230}{section.17.2}% 227
\BOOKMARK [1][-]{section.17.3}{\376\377\142\323\142\121\172\172\225\364\221\314\166\204\145\066\145\133}{chapter.17}% 228
\BOOKMARK [2][-]{subsection.17.3.1}{\376\377\000D\000\351\000f\000i\000n\000i\000t\000i\000o\000n}{section.17.3}% 229
\BOOKMARK [2][-]{subsection.17.3.2}{\376\377\000H\000a\000u\000s\000d\000o\000r\000f\000f\147\141\116\366\000:\000T\0002\121\154\164\006}{section.17.3}% 230
\BOOKMARK [2][-]{subsection.17.3.3}{\376\377\000H\000a\000u\000s\000d\000o\000r\000f\000f\172\172\225\364\221\314\166\204\225\355\226\306}{section.17.3}% 231
\BOOKMARK [2][-]{subsection.17.3.4}{\376\377\000F\000r\000\351\000c\000h\000e\000t\147\141\116\366\000:\000T\0001\121\154\164\006}{section.17.3}% 232
\BOOKMARK [2][-]{subsection.17.3.5}{\376\377\000T\0000\121\154\164\006\116\016\000K\000o\000l\000m\000o\000g\000o\000r\000o\000v\117\123\174\373}{section.17.3}% 233
\BOOKMARK [1][-]{section.17.4}{\376\377\217\336\176\355\140\047\116\016\146\040\134\004}{chapter.17}% 234
\BOOKMARK [2][-]{subsection.17.4.1}{\376\377\000D\000\351\000f\000i\000n\000i\000t\000i\000o\000n}{section.17.4}% 235
\BOOKMARK [2][-]{subsection.17.4.2}{\376\377\142\323\142\121\166\204\220\011\142\351\116\016\217\336\176\355\140\047}{section.17.4}% 236
\BOOKMARK [2][-]{subsection.17.4.3}{\376\377\165\061\121\154\164\006\143\250\133\374\200\014\147\145\166\204\173\111\116\367\124\175\230\230}{section.17.4}% 237
\BOOKMARK [2][-]{subsection.17.4.4}{\376\377\000E\000x\000e\000m\000p\000l\000e}{section.17.4}% 238
\BOOKMARK [2][-]{subsection.17.4.5}{\376\377\134\100\220\350\210\150\171\072\116\016\174\230\143\245\123\237\164\006}{section.17.4}% 239
\BOOKMARK [1][-]{section.17.5}{\376\377\124\014\200\332\000\040\000H\000o\000m\000e\000o\000m\000o\000r\000p\000h\000i\000s\000m\000e}{chapter.17}% 240
\BOOKMARK [2][-]{subsection.17.5.1}{\376\377\000D\000\351\000f\000i\000n\000i\000t\000i\000o\000n}{section.17.5}% 241
\BOOKMARK [2][-]{subsection.17.5.2}{\376\377\000E\000x\000e\000m\000p\000l\000e}{section.17.5}% 242
\BOOKMARK [2][-]{subsection.17.5.3}{\376\377\000R\000e\000m\000a\000r\000q\000u\000e}{section.17.5}% 243
\BOOKMARK [2][-]{subsection.17.5.4}{\376\377\000E\000x\000e\000m\000p\000l\000e\000:\000\040\123\315\117\213}{section.17.5}% 244
\BOOKMARK [2][-]{subsection.17.5.5}{\376\377\000P\000r\000o\000p\000o\000s\000i\000t\000i\000o\000n}{section.17.5}% 245
\BOOKMARK [2][-]{subsection.17.5.6}{\376\377\000E\000x\000e\000m\000p\000l\000e\000:\000\040\123\315\117\213}{section.17.5}% 246
\BOOKMARK [2][-]{subsection.17.5.7}{\376\377\000P\000r\000o\000p\000o\000s\000i\000t\000i\000o\000n}{section.17.5}% 247
\BOOKMARK [1][-]{section.17.6}{\376\377\175\047\201\364\140\047\116\016\122\027\175\047\140\047}{chapter.17}% 248
\BOOKMARK [2][-]{subsection.17.6.1}{\376\377\142\323\142\121\116\015\123\330\221\317}{section.17.6}% 249
\BOOKMARK [2][-]{subsection.17.6.2}{\376\377\000R\000e\000m\000a\000r\000q\000u\000e}{section.17.6}% 250
\BOOKMARK [2][-]{subsection.17.6.3}{\376\377\000D\000\351\000f\000i\000n\000i\000t\000i\000o\000n\000:\000\040\175\047\201\364}{section.17.6}% 251
\BOOKMARK [2][-]{subsection.17.6.4}{\376\377\000D\000\351\000f\000i\000n\000i\000t\000i\000o\000n\000:\000\040\136\217\122\027\175\047\201\364}{section.17.6}% 252
\BOOKMARK [2][-]{subsection.17.6.5}{\376\377\000R\000e\000m\000a\000r\000q\000u\000e\000:\000\040}{section.17.6}% 253
\BOOKMARK [2][-]{subsection.17.6.6}{\376\377\000P\000r\000o\000p\000o\000s\000i\000t\000i\000o\000n}{section.17.6}% 254
\BOOKMARK [2][-]{subsection.17.6.7}{\376\377\000E\000x\000e\000m\000p\000l\000e}{section.17.6}% 255
\BOOKMARK [2][-]{subsection.17.6.8}{\376\377\175\047\226\306\166\204\142\225\137\161}{section.17.6}% 256
\BOOKMARK [2][-]{subsection.17.6.9}{\376\377\000P\000r\000o\000p\000o\000s\000i\000t\000i\000o\000n}{section.17.6}% 257
\BOOKMARK [2][-]{subsection.17.6.10}{\376\377\000P\000r\000o\000p\000o\000s\000i\000t\000i\000o\000n}{section.17.6}% 258
\BOOKMARK [1][-]{section.17.7}{\376\377\225\355\226\306\122\073\165\073\166\204\175\047\201\364\226\306}{chapter.17}% 259
\BOOKMARK [2][-]{subsection.17.7.1}{\376\377\000R\000e\000m\000a\000r\000q\000u\000e\000:\000\040\147\011\226\120\116\244\140\047\215\050}{section.17.7}% 260
\BOOKMARK [2][-]{subsection.17.7.2}{\376\377\000P\000r\000o\000p\000o\000s\000i\000t\000i\000o\000n}{section.17.7}% 261
\BOOKMARK [2][-]{subsection.17.7.3}{\376\377\000P\000r\000o\000p\000o\000s\000i\000t\000i\000o\000n}{section.17.7}% 262
\BOOKMARK [2][-]{subsection.17.7.4}{\376\377\000P\000r\000o\000p\000o\000s\000i\000t\000i\000o\000n}{section.17.7}% 263
\BOOKMARK [0][-]{chapter.18}{\376\377\176\277\140\047\172\172\225\364\000\040\000E\000s\000p\000a\000c\000e\000\040\000V\000e\000c\000t\000o\000r\000i\000e\000l}{}% 264
\BOOKMARK [0][-]{chapter.19}{\376\377\167\351\226\065\166\204\173\200\123\026\000R\000e\000d\000u\000c\000t\000i\000o\000n}{}% 265
\BOOKMARK [1][-]{section.19.1}{\376\377\162\171\137\201\120\074\116\016\162\171\137\201\124\021\221\317\000\040\000V\000e\000c\000t\000e\000u\000r\000s\000\040\000P\000r\000o\000p\000r\000e\000s\000\040\000e\000t\000\040\000V\000a\000l\000e\000u\000r\000s\000\040\000P\000r\000o\000p\000r\000e\000s}{chapter.19}% 266
\BOOKMARK [2][-]{subsection.19.1.1}{\376\377\000D\000\351\000f\000i\000n\000i\000t\000i\000o\000n}{section.19.1}% 267
\BOOKMARK [2][-]{subsection.19.1.2}{\376\377\000P\000r\000o\000p\000o\000s\000i\000t\000i\000o\000n\000:\162\171\137\201\172\172\225\364\166\204\140\047\215\050}{section.19.1}% 268
\BOOKMARK [1][-]{section.19.2}{\376\377\162\171\137\201\131\032\230\171\137\017\000\040\000P\000o\000l\000y\000n\000\364\000m\000e\000\040\000c\000a\000r\000a\000c\000t\000\351\000r\000i\000s\000t\000i\000q\000u\000e}{chapter.19}% 269
\BOOKMARK [2][-]{subsection.19.2.1}{\376\377\000D\000\351\000f\000i\000n\000i\000t\000i\000o\000n}{section.19.2}% 270
\BOOKMARK [2][-]{subsection.19.2.2}{\376\377\000R\000e\000m\000a\000r\000q\000u\000e\000:\127\337\116\012\166\204\162\171\137\201\120\074}{section.19.2}% 271
\BOOKMARK [2][-]{subsection.19.2.3}{\376\377\116\214\226\066\162\171\137\201\131\032\230\171\137\017}{section.19.2}% 272
\BOOKMARK [2][-]{subsection.19.2.4}{\376\377\171\351\116\072\0001\166\204\201\352\124\014\140\001}{section.19.2}% 273
\BOOKMARK [2][-]{subsection.19.2.5}{\376\377\131\032\230\171\137\017\166\204\122\006\210\302\127\337}{section.19.2}% 274
\BOOKMARK [2][-]{subsection.19.2.6}{\376\377\116\343\145\160\221\315\145\160\000L\000a\000\040\000m\000u\000l\000t\000i\000p\000l\000i\000c\000i\000t\000\351}{section.19.2}% 275
\BOOKMARK [1][-]{section.19.3}{\376\377\166\370\117\074\167\351\226\065\000\040\000M\000a\000t\000r\000i\000c\000e\000\040\000s\000e\000m\000b\000l\000a\000b\000l\000e}{chapter.19}% 276
\BOOKMARK [2][-]{subsection.19.3.1}{\376\377\000D\000\351\000f\000i\000n\000i\000t\000i\000o\000n}{section.19.3}% 277
\BOOKMARK [2][-]{subsection.19.3.2}{\376\377\000P\000r\000o\000p\000o\000s\000i\000t\000i\000o\000n\000:\166\370\117\074\167\351\226\065\166\204\162\171\137\201\131\032\230\171\137\017\166\370\173\111}{section.19.3}% 278
\BOOKMARK [2][-]{subsection.19.3.3}{\376\377\000R\000e\000m\000a\000r\000q\000u\000e\000:\162\171\137\201\131\032\230\171\137\017\166\370\173\111\116\015\116\000\133\232\166\370\117\074}{section.19.3}% 279
\BOOKMARK [2][-]{subsection.19.3.4}{\376\377\000P\000r\000o\000p\000o\000s\000i\000t\000i\000o\000n}{section.19.3}% 280
\BOOKMARK [1][-]{section.19.4}{\376\377\133\371\211\322\123\026\000\040\000D\000i\000a\000g\000o\000n\000a\000l\000i\000s\000a\000t\000i\000o\000n}{chapter.19}% 281
\BOOKMARK [2][-]{subsection.19.4.1}{\376\377\133\371\211\322\167\351\226\065\000\040\000M\000a\000t\000r\000i\000c\000e\000\040\000d\000i\000a\000g\000o\000n\000a\000l\000e}{section.19.4}% 282
\BOOKMARK [2][-]{subsection.19.4.2}{\376\377\123\357\133\371\211\322\123\026\166\204\000\040\000D\000i\000a\000g\000o\000n\000a\000l\000i\000s\000a\000b\000l\000e}{section.19.4}% 283
\BOOKMARK [2][-]{subsection.19.4.3}{\376\377\166\364\124\214\000\040\000L\000a\000\040\000s\000o\000m\000m\000e\000\040\000d\000i\000r\000e\000c\000t\000e}{section.19.4}% 284
\BOOKMARK [1][-]{section.19.5}{\376\377\122\044\145\255\123\357\133\371\211\322\123\026\000C\000r\000i\000t\000\350\000r\000e\000s\000\040\000d\000e\000\040\000d\000i\000a\000g\000o\000n\000a\000l\000i\000s\000a\000b\000i\000l\000i\000t\000\351}{chapter.19}% 285
\BOOKMARK [2][-]{subsection.19.5.1}{\376\377\162\171\137\201\172\172\225\364\166\364\124\214}{section.19.5}% 286
\BOOKMARK [2][-]{subsection.19.5.2}{\376\377\201\352\124\014\140\001\166\204\123\357\133\371\211\322\123\026\116\016\166\364\124\214}{section.19.5}% 287
\BOOKMARK [2][-]{subsection.19.5.3}{\376\377\167\351\226\065\166\204\123\357\133\371\211\322\123\026\116\016\166\364\124\214}{section.19.5}% 288
\BOOKMARK [2][-]{subsection.19.5.4}{\376\377\000P\000r\000o\000p\000o\000s\000i\000t\000i\000o\000n\000:\122\277\116\016\123\357\133\371\211\322\123\026}{section.19.5}% 289
\BOOKMARK [2][-]{subsection.19.5.5}{\376\377\133\371\211\322\123\026\217\307\172\013}{section.19.5}% 290
\BOOKMARK [1][-]{section.19.6}{\376\377\133\236\133\371\171\360\167\351\226\065\000\040\000M\000a\000t\000r\000i\000c\000e\000\040\000s\000y\000m\000\351\000t\000r\000i\000q\000u\000e\000\040\000r\000\351\000e\000l\000l\000e}{chapter.19}% 291
\BOOKMARK [2][-]{subsection.19.6.1}{\376\377\000D\000\351\000f\000i\000n\000i\000t\000i\000o\000n}{section.19.6}% 292
\BOOKMARK [2][-]{subsection.19.6.2}{\376\377\133\236\162\171\137\201\120\074}{section.19.6}% 293
\BOOKMARK [2][-]{subsection.19.6.3}{\376\377\162\171\137\201\124\021\221\317\166\204\153\143\116\244}{section.19.6}% 294
\BOOKMARK [1][-]{section.19.7}{\376\377\226\366\123\026\131\032\230\171\137\017\000\040\000P\000o\000l\000y\000n\000\364\000m\000e\000\040\000a\000n\000n\000u\000l\000a\000t\000e\000u\000r}{chapter.19}% 295
\BOOKMARK [2][-]{subsection.19.7.1}{\376\377\000D\000\351\000f\000i\000n\000i\000t\000i\000o\000n}{section.19.7}% 296
\BOOKMARK [2][-]{subsection.19.7.2}{\376\377\000C\000a\000y\000l\000e\000y\000-\000H\000a\000m\000i\000l\000t\000o\000n\133\232\164\006}{section.19.7}% 297
\BOOKMARK [2][-]{subsection.19.7.3}{\376\377\166\370\117\074\167\351\226\065\166\204\226\366\123\026\131\032\230\171\137\017}{section.19.7}% 298
\BOOKMARK [2][-]{subsection.19.7.4}{\376\377\226\366\123\026\131\032\230\171\137\017\166\204\173\200\123\125\150\071}{section.19.7}% 299
\BOOKMARK [0][-]{chapter.20}{\376\377\151\202\163\207\213\272\121\145\225\350\000I\000n\000t\000r\000o\000d\000u\000c\000t\000i\000o\000n\000:\000\040\000L\000a\000\040\000P\000r\000o\000b\000a\000b\000i\000l\000i\000t\000\351}{}% 300
\BOOKMARK [0][-]{chapter.21}{\376\377\131\032\121\103\121\375\145\160\137\256\122\006\133\146\000\040\000D\000i\000f\000f\000\351\000r\000e\000n\000c\000i\000a\000t\000i\000o\000n\000\040\000M\000u\000l\000t\000i\000f\000o\000n\000c\000t\000i\000o\000n\000n\000e\000l\000l\000e}{}% 301
\BOOKMARK [1][-]{section.21.1}{\376\377\000I\000n\000t\000r\000o\000d\000u\000c\000t\000i\000o\000n}{chapter.21}% 302
\BOOKMARK [1][-]{section.21.2}{\376\377\116\214\153\041\146\362\227\142}{chapter.21}% 303
\BOOKMARK [2][-]{subsection.21.2.1}{\376\377\000D\000\351\000f\000i\000n\000i\000t\000i\000o\000n}{section.21.2}% 304
\BOOKMARK [2][-]{subsection.21.2.2}{\376\377\116\011\121\103\116\214\153\041\146\362\227\142}{section.21.2}% 305
\BOOKMARK [2][-]{subsection.21.2.3}{\376\377\116\214\121\103\116\214\153\041\146\362\227\142}{section.21.2}% 306
\BOOKMARK [2][-]{subsection.21.2.4}{\376\377\116\000\121\103\116\214\153\041\146\362\227\142}{section.21.2}% 307
\BOOKMARK [1][-]{section.21.3}{\376\377\131\032\121\103\121\375\145\160\166\204\133\374\145\160}{chapter.21}% 308
\BOOKMARK [2][-]{subsection.21.3.1}{\376\377\145\271\124\021\133\374\145\160}{section.21.3}% 309
\BOOKMARK [2][-]{subsection.21.3.2}{\376\377\145\271\124\021\133\374\145\160\166\204\123\026\173\200}{section.21.3}% 310
\BOOKMARK [2][-]{subsection.21.3.3}{\376\377\120\117\133\374\145\160}{section.21.3}% 311
\BOOKMARK [2][-]{subsection.21.3.4}{\376\377\000R\000e\000m\000a\000r\000q\000u\000e\000:\000\040\120\117\133\374\145\160\116\015\123\357\167\013\117\134\116\044\230\171\166\370\226\144}{section.21.3}% 312
\BOOKMARK [2][-]{subsection.21.3.5}{\376\377\120\117\133\374\116\016\217\336\176\355\140\047}{section.21.3}% 313
\BOOKMARK [1][-]{section.21.4}{\376\377\131\032\121\103\121\375\145\160\166\204\137\256\122\006}{chapter.21}% 314
\BOOKMARK [2][-]{subsection.21.4.1}{\376\377\121\150\130\236\221\317}{section.21.4}% 315
\BOOKMARK [2][-]{subsection.21.4.2}{\376\377\123\357\137\256\121\375\145\160}{section.21.4}% 316
\BOOKMARK [2][-]{subsection.21.4.3}{\376\377\150\257\136\246}{section.21.4}% 317
\BOOKMARK [0][-]{chapter.22}{\376\377\137\256\122\006\145\271\172\013\121\145\225\350\000I\000n\000t\000r\000o\000d\000u\000c\000t\000i\000o\000n\000:\000\040\000\311\000q\000u\000a\000t\000i\000o\000n\000s\000\040\000D\000i\000f\000f\000\351\000r\000e\000n\000t\000i\000e\000l\000l\000e\000s}{}% 318
\BOOKMARK [0][-]{chapter.23}{\376\377\000L\000e\000b\000e\000s\000g\000u\000e\155\113\136\246\116\016\000L\000e\000b\000e\000s\000g\000u\000e\171\357\122\006\000\040\000M\000e\000s\000u\000r\000e\000\040\000d\000e\000\040\000L\000e\000b\000e\000s\000g\000u\000e\000\040\000e\000t\000\040\000I\000n\000t\000\351\000g\000r\000a\000l\000e\000\040\000d\000e\000\040\000L\000e\000b\000e\000s\000g\000u\000e}{}% 319
\BOOKMARK [0][-]{chapter.24}{\376\377\155\113\136\246\213\272\122\035\153\145}{}% 320
\BOOKMARK [0][-]{chapter.25}{\376\377\151\202\163\207\116\016\117\115\122\277}{}% 321
